2024-04-25 14:33:16,517 [INFO] Activator:176 - 


2024-04-25 14:33:16,524 [INFO] Activator:177 - !SESSION log4j initialized
2024-04-25 14:33:21,964 [INFO] LogOutputStream:77 - [STDOUT_REDIRECT] 
2024-04-25 14:33:22,747 [INFO] ApplicationProperties:184 - Using Application install path: /opt/st/stm32cubeide_1.14.0/plugins/com.st.stm32cube.common.mx_6.10.0.202311202037
2024-04-25 14:33:22,765 [INFO] DbMcusXml:78 - Set database path to: /opt/st/stm32cubeide_1.14.0/plugins/com.st.stm32cube.common.mx_6.10.0.202311202037//db//mcu/
2024-04-25 14:33:22,766 [INFO] ApiDb:274 - Set plugin database path to: /opt/st/stm32cubeide_1.14.0/plugins/com.st.stm32cube.common.mx_6.10.0.202311202037//db//plugins/boardmanager/
2024-04-25 14:33:22,766 [WARN] ApiDb:259 - Overriding images path with different value:  => /opt/st/stm32cubeide_1.14.0/plugins/com.st.stm32cube.common.mx_6.10.0.202311202037//db//plugins/mcufinder/images/
2024-04-25 14:33:22,771 [INFO] ApiDb:250 - Set database path to: /users/tenzthup91/.stmcufinder/plugins/mcufinder//mcu/
2024-04-25 14:33:22,772 [INFO] DbMcusAds:125 - Set database path to: /users/tenzthup91/.stmcufinder/plugins/mcufinder//mcu/
2024-04-25 14:33:22,782 [INFO] CrossReferenceDbSqlite:203 - Set database path to: /users/tenzthup91/.stmcufinder/plugins/mcufinder//mcu/cs/
2024-04-25 14:33:22,924 [INFO] RulesReader:64 - Compatibility file has been processed (297 Rules)
2024-04-25 14:33:22,992 [INFO] DbMcusXml:78 - Set database path to: /opt/st/stm32cubeide_1.14.0/plugins/com.st.stm32cube.common.mx_6.10.0.202311202037//db//mcu/
2024-04-25 14:33:22,992 [INFO] ApiDb:274 - Set plugin database path to: /opt/st/stm32cubeide_1.14.0/plugins/com.st.stm32cube.common.mx_6.10.0.202311202037//db//plugins/boardmanager/
2024-04-25 14:33:22,992 [INFO] ApiDb:261 - Set plugin images path to: /opt/st/stm32cubeide_1.14.0/plugins/com.st.stm32cube.common.mx_6.10.0.202311202037//db//plugins/mcufinder/images/
2024-04-25 14:33:22,992 [WARN] DbFile:41 - Overriding database path with different value: /users/tenzthup91/.stmcufinder/plugins/mcufinder/ => /users/tenzthup91/.stmcufinder/plugins/mcufinder
2024-04-25 14:33:22,993 [INFO] ApiDb:250 - Set database path to: /users/tenzthup91/.stmcufinder/plugins/mcufinder//mcu/
2024-04-25 14:33:22,993 [WARN] DbFile:41 - Overriding database path with different value: /users/tenzthup91/.stmcufinder/plugins/mcufinder/ => /users/tenzthup91/.stmcufinder/plugins/mcufinder
2024-04-25 14:33:22,993 [INFO] DbMcusAds:125 - Set database path to: /users/tenzthup91/.stmcufinder/plugins/mcufinder//mcu/
2024-04-25 14:33:22,993 [WARN] DbFile:41 - Overriding database path with different value: /users/tenzthup91/.stmcufinder/plugins/mcufinder/ => /users/tenzthup91/.stmcufinder/plugins/mcufinder
2024-04-25 14:33:22,993 [WARN] DbFile:41 - Overriding database path with different value: /users/tenzthup91/.stmcufinder/plugins/mcufinder/ => /users/tenzthup91/.stmcufinder/plugins/mcufinder
2024-04-25 14:33:22,993 [INFO] CrossReferenceDbSqlite:203 - Set database path to: /users/tenzthup91/.stmcufinder/plugins/mcufinder//mcu/cs/
2024-04-25 14:33:23,055 [INFO] MainPanel:264 - HeapMemory: 268435456
2024-04-25 14:33:23,124 [INFO] DbMcusXml:78 - Set database path to: /opt/st/stm32cubeide_1.14.0/plugins/com.st.stm32cube.common.mx_6.10.0.202311202037//db//mcu/
2024-04-25 14:33:23,125 [INFO] ApiDb:274 - Set plugin database path to: /opt/st/stm32cubeide_1.14.0/plugins/com.st.stm32cube.common.mx_6.10.0.202311202037//db//plugins/boardmanager/
2024-04-25 14:33:23,125 [INFO] ApiDb:261 - Set plugin images path to: /opt/st/stm32cubeide_1.14.0/plugins/com.st.stm32cube.common.mx_6.10.0.202311202037//db//plugins/mcufinder/images/
2024-04-25 14:33:23,125 [WARN] DbFile:41 - Overriding database path with different value: /users/tenzthup91/.stmcufinder/plugins/mcufinder/ => /users/tenzthup91/.stmcufinder/plugins/mcufinder
2024-04-25 14:33:23,125 [INFO] ApiDb:250 - Set database path to: /users/tenzthup91/.stmcufinder/plugins/mcufinder//mcu/
2024-04-25 14:33:23,125 [WARN] DbFile:41 - Overriding database path with different value: /users/tenzthup91/.stmcufinder/plugins/mcufinder/ => /users/tenzthup91/.stmcufinder/plugins/mcufinder
2024-04-25 14:33:23,126 [INFO] DbMcusAds:125 - Set database path to: /users/tenzthup91/.stmcufinder/plugins/mcufinder//mcu/
2024-04-25 14:33:23,126 [WARN] DbFile:41 - Overriding database path with different value: /users/tenzthup91/.stmcufinder/plugins/mcufinder/ => /users/tenzthup91/.stmcufinder/plugins/mcufinder
2024-04-25 14:33:23,126 [WARN] DbFile:41 - Overriding database path with different value: /users/tenzthup91/.stmcufinder/plugins/mcufinder/ => /users/tenzthup91/.stmcufinder/plugins/mcufinder
2024-04-25 14:33:23,126 [INFO] CrossReferenceDbSqlite:203 - Set database path to: /users/tenzthup91/.stmcufinder/plugins/mcufinder//mcu/cs/
2024-04-25 14:33:23,141 [INFO] ApplicationProperties:184 - Using Application install path: /opt/st/stm32cubeide_1.14.0/plugins/com.st.stm32cube.common.mx_6.10.0.202311202037
2024-04-25 14:33:23,142 [INFO] PluginManage:196 - Search for loadable plugins [exclusion list=, ]
2024-04-25 14:33:23,143 [INFO] PluginManage:310 - Check plugin analytics
2024-04-25 14:33:23,310 [INFO] AnalyticsPlugin:253 - Accepted Software Licenses: 
2024-04-25 14:33:23,311 [INFO] AnalyticsPlugin:255 - Accepted CMSIS Pack Licenses: 
2024-04-25 14:33:23,311 [INFO] AnalyticsPlugin:257 - Accepted Firmware Licenses: FW.F7.1.17.0
2024-04-25 14:33:23,314 [INFO] PluginManage:359 - Loaded plugin analytics (category:tool,tabindex:-1)
2024-04-25 14:33:23,315 [INFO] PluginManage:310 - Check plugin cadmodel
2024-04-25 14:33:23,339 [INFO] CADModel:105 - Init CAD model plugin
2024-04-25 14:33:23,340 [INFO] PluginManage:359 - Loaded plugin cadmodel (category:power,tabindex:5)
2024-04-25 14:33:23,340 [INFO] PluginManage:310 - Check plugin clock
2024-04-25 14:33:23,349 [INFO] PluginManage:359 - Loaded plugin clock (category:base,tabindex:2)
2024-04-25 14:33:23,349 [INFO] PluginManage:310 - Check plugin ddr
2024-04-25 14:33:23,351 [INFO] PluginManage:359 - Loaded plugin ddr (category:tool,tabindex:6)
2024-04-25 14:33:23,351 [INFO] PluginManage:310 - Check plugin filemanager
2024-04-25 14:33:23,476 [INFO] PluginManage:359 - Loaded plugin filemanager (category:base,tabindex:10)
2024-04-25 14:33:23,476 [INFO] PluginManage:310 - Check plugin ipmanager
2024-04-25 14:33:23,481 [INFO] PluginManage:359 - Loaded plugin ipmanager (category:base,tabindex:5)
2024-04-25 14:33:23,481 [INFO] PluginManage:310 - Check plugin lpbam
2024-04-25 14:33:23,489 [INFO] PluginManage:359 - Loaded plugin lpbam (category:base,tabindex:0)
2024-04-25 14:33:23,489 [INFO] PluginManage:310 - Check plugin memorymap
2024-04-25 14:33:23,499 [INFO] PluginManage:359 - Loaded plugin memorymap (category:base,tabindex:4)
2024-04-25 14:33:23,499 [INFO] PluginManage:310 - Check plugin pinoutandconfiguration
2024-04-25 14:33:23,506 [INFO] PluginManage:359 - Loaded plugin pinoutandconfiguration (category:base,tabindex:1)
2024-04-25 14:33:23,506 [INFO] PluginManage:310 - Check plugin pinoutconfig
2024-04-25 14:33:23,590 [WARN] SupportedApi:132 - Cannot load RTOS API schema: s4s-elt-must-match.1: The content of 'definitions' must match (annotation?, (simpleType | complexType)?, (unique | key | keyref)*)). A problem was found starting at: attribute.
2024-04-25 14:33:23,723 [INFO] PluginManage:359 - Loaded plugin pinoutconfig (category:base,tabindex:0)
2024-04-25 14:33:23,724 [INFO] PluginManage:310 - Check plugin power
2024-04-25 14:33:23,731 [INFO] PluginManage:359 - Loaded plugin power (category:power,tabindex:4)
2024-04-25 14:33:23,732 [INFO] PluginManage:310 - Check plugin projectmanager
2024-04-25 14:33:23,749 [INFO] PluginManage:359 - Loaded plugin projectmanager (category:projectmanager,tabindex:3)
2024-04-25 14:33:23,749 [INFO] PluginManage:310 - Check plugin thirdparty
2024-04-25 14:33:23,865 [WARN] IntegrityCheckThread:84 - waiting for thirdparty lock release [integrity check]
2024-04-25 14:33:23,865 [INFO] PluginManage:359 - Loaded plugin thirdparty (category:base,tabindex:-1)
2024-04-25 14:33:23,865 [INFO] IntegrityCheckThread:86 - entering critical section [integrity check]
2024-04-25 14:33:23,865 [INFO] PluginManage:310 - Check plugin tools
2024-04-25 14:33:23,866 [INFO] ThirdPartyUpdaterWithRetryManager:70 - Updater plugin not ready yet. [1/15]
2024-04-25 14:33:23,867 [INFO] PluginManage:359 - Loaded plugin tools (category:base,tabindex:7)
2024-04-25 14:33:23,867 [INFO] PluginManage:310 - Check plugin tutovideos
2024-04-25 14:33:24,022 [INFO] PluginManage:359 - Loaded plugin tutovideos (category:base,tabindex:-1)
2024-04-25 14:33:24,023 [INFO] PluginManage:310 - Check plugin updater
2024-04-25 14:33:24,031 [INFO] PluginManage:359 - Loaded plugin updater (category:base,tabindex:12)
2024-04-25 14:33:24,031 [INFO] PluginManage:310 - Check plugin userauth
2024-04-25 14:33:24,035 [INFO] UserAuth:114 - Init User Auth plugin
2024-04-25 14:33:24,035 [INFO] PluginManage:359 - Loaded plugin userauth (category:base,tabindex:14)
2024-04-25 14:33:24,035 [INFO] PluginManage:283 - PluginManage : Loaded plugins [17]
2024-04-25 14:33:24,199 [INFO] PinOutPanel:1499 - setPackage(No Configuration,No Configuration)
2024-04-25 14:33:24,253 [INFO] CADModel:165 - CPN selected for project level
2024-04-25 14:33:24,253 [INFO] CADModel:114 - Register for checkConnection events
2024-04-25 14:33:24,264 [INFO] IPUIPlugin:80 - create IPUIPlugin
2024-04-25 14:33:24,264 [INFO] PluginManager:220 - loadIPPluginJar : add freertos
2024-04-25 14:33:24,268 [INFO] IPUIPlugin:80 - create IPUIPlugin
2024-04-25 14:33:24,268 [INFO] PluginManager:220 - loadIPPluginJar : add resmgrutility
2024-04-25 14:33:24,274 [INFO] IPUIPlugin:80 - create IPUIPlugin
2024-04-25 14:33:24,277 [INFO] PluginManager:220 - loadIPPluginJar : add plateformsettings
2024-04-25 14:33:24,284 [INFO] IPUIPlugin:80 - create IPUIPlugin
2024-04-25 14:33:24,284 [INFO] PluginManager:220 - loadIPPluginJar : add adc
2024-04-25 14:33:24,286 [INFO] IPUIPlugin:80 - create IPUIPlugin
2024-04-25 14:33:24,286 [INFO] PluginManager:220 - loadIPPluginJar : add hash
2024-04-25 14:33:24,292 [INFO] IPUIPlugin:80 - create IPUIPlugin
2024-04-25 14:33:24,292 [INFO] PluginManager:220 - loadIPPluginJar : add linkedlist
2024-04-25 14:33:24,296 [INFO] IPUIPlugin:80 - create IPUIPlugin
2024-04-25 14:33:24,296 [INFO] PluginManager:220 - loadIPPluginJar : add stm32_wpan
2024-04-25 14:33:24,297 [INFO] IPUIPlugin:80 - create IPUIPlugin
2024-04-25 14:33:24,298 [INFO] PluginManager:220 - loadIPPluginJar : add fatfs
2024-04-25 14:33:24,300 [INFO] IPUIPlugin:80 - create IPUIPlugin
2024-04-25 14:33:24,300 [INFO] PluginManager:220 - loadIPPluginJar : add openamp
2024-04-25 14:33:24,302 [INFO] IPUIPlugin:80 - create IPUIPlugin
2024-04-25 14:33:24,302 [INFO] PluginManager:220 - loadIPPluginJar : add tracer_emb
2024-04-25 14:33:24,304 [INFO] IPUIPlugin:80 - create IPUIPlugin
2024-04-25 14:33:24,304 [INFO] PluginManager:220 - loadIPPluginJar : add lorawan
2024-04-25 14:33:24,306 [INFO] IPUIPlugin:80 - create IPUIPlugin
2024-04-25 14:33:24,306 [INFO] PluginManager:220 - loadIPPluginJar : add opamp
2024-04-25 14:33:24,308 [INFO] IPUIPlugin:80 - create IPUIPlugin
2024-04-25 14:33:24,308 [INFO] PluginManager:220 - loadIPPluginJar : add tim
2024-04-25 14:33:24,310 [INFO] IPUIPlugin:80 - create IPUIPlugin
2024-04-25 14:33:24,310 [INFO] PluginManager:220 - loadIPPluginJar : add cryp
2024-04-25 14:33:24,312 [INFO] IPUIPlugin:80 - create IPUIPlugin
2024-04-25 14:33:24,312 [INFO] PluginManager:220 - loadIPPluginJar : add gtzc
2024-04-25 14:33:24,314 [INFO] IPUIPlugin:80 - create IPUIPlugin
2024-04-25 14:33:24,314 [INFO] PluginManager:220 - loadIPPluginJar : add gfxmmu
2024-04-25 14:33:24,315 [INFO] IPUIPlugin:80 - create IPUIPlugin
2024-04-25 14:33:24,315 [INFO] PluginManager:220 - loadIPPluginJar : add comp
2024-04-25 14:33:24,318 [INFO] IPUIPlugin:80 - create IPUIPlugin
2024-04-25 14:33:24,318 [INFO] PluginManager:220 - loadIPPluginJar : add touchsensing
2024-04-25 14:33:24,320 [INFO] IPUIPlugin:80 - create IPUIPlugin
2024-04-25 14:33:24,320 [INFO] PluginManager:220 - loadIPPluginJar : add i2c
2024-04-25 14:33:24,322 [INFO] IPUIPlugin:80 - create IPUIPlugin
2024-04-25 14:33:24,322 [INFO] PluginManager:220 - loadIPPluginJar : add pdm2pcm
2024-04-25 14:33:24,324 [INFO] IPUIPlugin:80 - create IPUIPlugin
2024-04-25 14:33:24,324 [INFO] PluginManager:220 - loadIPPluginJar : add aes
2024-04-25 14:33:24,326 [INFO] IPUIPlugin:80 - create IPUIPlugin
2024-04-25 14:33:24,326 [INFO] PluginManager:220 - loadIPPluginJar : add spi
2024-04-25 14:33:24,328 [INFO] IPUIPlugin:80 - create IPUIPlugin
2024-04-25 14:33:24,328 [INFO] PluginManager:220 - loadIPPluginJar : add genericplugin
2024-04-25 14:33:24,330 [INFO] IPUIPlugin:80 - create IPUIPlugin
2024-04-25 14:33:24,331 [INFO] PluginManager:220 - loadIPPluginJar : add ipddr
2024-04-25 14:33:24,332 [INFO] IPUIPlugin:80 - create IPUIPlugin
2024-04-25 14:33:24,333 [INFO] PluginManager:220 - loadIPPluginJar : add ucpd
2024-04-25 14:33:24,334 [INFO] IPUIPlugin:80 - create IPUIPlugin
2024-04-25 14:33:24,335 [INFO] PluginManager:220 - loadIPPluginJar : add ts
2024-04-25 14:33:24,337 [INFO] IPUIPlugin:80 - create IPUIPlugin
2024-04-25 14:33:24,337 [INFO] PluginManager:220 - loadIPPluginJar : add dma3
2024-04-25 14:33:24,340 [INFO] IPUIPlugin:80 - create IPUIPlugin
2024-04-25 14:33:24,340 [INFO] PluginManager:220 - loadIPPluginJar : add gpio
2024-04-25 14:33:24,341 [INFO] IPUIPlugin:80 - create IPUIPlugin
2024-04-25 14:33:24,342 [INFO] PluginManager:220 - loadIPPluginJar : add ltdc
2024-04-25 14:33:24,344 [INFO] IPUIPlugin:80 - create IPUIPlugin
2024-04-25 14:33:24,344 [INFO] PluginManager:220 - loadIPPluginJar : add usbx
2024-04-25 14:33:24,345 [INFO] IPUIPlugin:80 - create IPUIPlugin
2024-04-25 14:33:24,346 [INFO] PluginManager:220 - loadIPPluginJar : add tsc
2024-04-25 14:33:24,350 [INFO] IPUIPlugin:80 - create IPUIPlugin
2024-04-25 14:33:24,350 [INFO] PluginManager:220 - loadIPPluginJar : add fmc
2024-04-25 14:33:24,352 [INFO] IPUIPlugin:80 - create IPUIPlugin
2024-04-25 14:33:24,352 [INFO] PluginManager:220 - loadIPPluginJar : add usart
2024-04-25 14:33:24,354 [INFO] IPUIPlugin:80 - create IPUIPlugin
2024-04-25 14:33:24,354 [INFO] PluginManager:220 - loadIPPluginJar : add i2s
2024-04-25 14:33:24,356 [INFO] IPUIPlugin:80 - create IPUIPlugin
2024-04-25 14:33:24,356 [INFO] PluginManager:220 - loadIPPluginJar : add i3c
2024-04-25 14:33:24,359 [INFO] IPUIPlugin:80 - create IPUIPlugin
2024-04-25 14:33:24,359 [INFO] PluginManager:220 - loadIPPluginJar : add sai
2024-04-25 14:33:24,363 [INFO] IPUIPlugin:80 - create IPUIPlugin
2024-04-25 14:33:24,363 [INFO] PluginManager:220 - loadIPPluginJar : add gic
2024-04-25 14:33:24,368 [INFO] IPUIPlugin:80 - create IPUIPlugin
2024-04-25 14:33:24,368 [INFO] PluginManager:220 - loadIPPluginJar : add dma
2024-04-25 14:33:24,370 [INFO] IPUIPlugin:80 - create IPUIPlugin
2024-04-25 14:33:24,370 [INFO] PluginManager:220 - loadIPPluginJar : add dfsdm
2024-04-25 14:33:24,373 [INFO] IPUIPlugin:80 - create IPUIPlugin
2024-04-25 14:33:24,373 [INFO] PluginManager:220 - loadIPPluginJar : add can
2024-04-25 14:33:24,374 [INFO] IPUIPlugin:80 - create IPUIPlugin
2024-04-25 14:33:24,374 [INFO] PluginManager:220 - loadIPPluginJar : add quadspi
2024-04-25 14:33:24,377 [INFO] IPUIPlugin:80 - create IPUIPlugin
2024-04-25 14:33:24,377 [INFO] PluginManager:220 - loadIPPluginJar : add nvic
2024-04-25 14:33:24,382 [INFO] IPUIPlugin:80 - create IPUIPlugin
2024-04-25 14:33:24,382 [INFO] PluginManager:220 - loadIPPluginJar : add mdma
2024-04-25 14:33:24,491 [INFO] CADModel:165 - CPN selected for project level
2024-04-25 14:33:24,491 [INFO] CADModel:114 - Register for checkConnection events
2024-04-25 14:33:24,491 [FATAL] Updater:308 - Updater called before beeing initialized
2024-04-25 14:33:24,491 [ERROR] CADModel:125 - Updater not yet initialized, retry later 
2024-04-25 14:33:24,627 [INFO] CADModel:165 - CPN selected for project level
2024-04-25 14:33:24,627 [INFO] CADModel:114 - Register for checkConnection events
2024-04-25 14:33:24,627 [FATAL] Updater:308 - Updater called before beeing initialized
2024-04-25 14:33:24,627 [ERROR] CADModel:125 - Updater not yet initialized, retry later 
2024-04-25 14:33:24,631 [FATAL] Updater:308 - Updater called before beeing initialized
2024-04-25 14:33:24,738 [FATAL] Updater:308 - Updater called before beeing initialized
2024-04-25 14:33:24,743 [INFO] DbMcusAds:53 - JSON generation date=Wed Nov 29 11:52:27 CET 2023 (1701255147349)
2024-04-25 14:33:24,743 [FATAL] Updater:308 - Updater called before beeing initialized
2024-04-25 14:33:24,789 [WARN] DetailPanel:346 - Failed to get advertising image, set to default
2024-04-25 14:33:24,914 [FATAL] Updater:308 - Updater called before beeing initialized
2024-04-25 14:33:24,916 [FATAL] Updater:308 - Updater called before beeing initialized
2024-04-25 14:33:24,916 [FATAL] Updater:308 - Updater called before beeing initialized
2024-04-25 14:33:24,916 [WARN] DetailPanel:346 - Failed to get advertising image, set to default
2024-04-25 14:33:24,918 [FATAL] Updater:308 - Updater called before beeing initialized
2024-04-25 14:33:24,959 [ERROR] Updater:1120 - MainUpdater not yet initialized. External WinMGr cannot be set.
2024-04-25 14:33:24,961 [INFO] Updater:1056 - Updater Version found : 6.10.0
2024-04-25 14:33:24,977 [INFO] ApplicationProperties:184 - Using Application install path: /opt/st/stm32cubeide_1.14.0/plugins/com.st.stm32cube.common.mx_6.10.0.202311202037
2024-04-25 14:33:25,230 [INFO] MainUpdater:2873 - connection check result : 10
2024-04-25 14:33:25,230 [INFO] MainUpdater:290 - Updater Check For Update Now.
2024-04-25 14:33:25,231 [INFO] MicroXplorer:498 - Change Database Version : DB.6.0.100
2024-04-25 14:33:25,236 [INFO] McuFinderGlobals:63 - Set McuFinder mode to 2 (CubeIDE integrated)
2024-04-25 14:33:25,236 [INFO] UserAuth:180 - activating auth plugin
2024-04-25 14:33:25,240 [INFO] UserAuth:404 - Internet connection configuration mode: 1
2024-04-25 14:33:25,251 [INFO] JxBrowserEngine:152 - Initiate JxBrowser Engine with user profile folder
2024-04-25 14:33:25,447 [INFO] CheckServerUpdateThread:120 - End of CheckServer Thread
2024-04-25 14:33:26,645 [INFO] WebApp:161 - Instantiating new browser for Auth
2024-04-25 14:33:27,068 [WARN] PackLoader:240 - Cannot read IP mode file for STMicroelectronics.FP-SNS-MOTENVWB1.1.4.0
2024-04-25 14:33:27,080 [WARN] PackLoader:240 - Cannot read IP mode file for STMicroelectronics.X-CUBE-SMBUS.2.1.0
2024-04-25 14:33:27,085 [WARN] PackLoader:240 - Cannot read IP mode file for STMicroelectronics.X-CUBE-TOUCHGFX.4.23.1
2024-04-25 14:33:27,088 [WARN] PackLoader:240 - Cannot read IP mode file for STMicroelectronics.X-CUBE-TOUCHGFX.4.23.0
2024-04-25 14:33:27,091 [WARN] PackLoader:240 - Cannot read IP mode file for STMicroelectronics.X-CUBE-TOUCHGFX.4.23.2
2024-04-25 14:33:27,157 [WARN] PackLoader:240 - Cannot read IP mode file for STMicroelectronics.X-CUBE-AZRTOS-F7.1.1.0
2024-04-25 14:33:27,188 [WARN] PackLoader:240 - Cannot read IP mode file for STMicroelectronics.FP-SNS-MOTENV1.4.3.2
2024-04-25 14:33:27,205 [WARN] PackLoader:240 - Cannot read IP mode file for STMicroelectronics.FP-SNS-FLIGHT1.5.0.2
2024-04-25 14:33:27,237 [WARN] PackLoader:240 - Cannot read IP mode file for STMicroelectronics.X-CUBE-DISPLAY.3.0.0
2024-04-25 14:33:27,268 [WARN] PackLoader:240 - Cannot read IP mode file for STMicroelectronics.X-CUBE-BLE1.7.0.0
2024-04-25 14:33:27,280 [WARN] PackLoader:240 - Cannot read IP mode file for emotas.I-CUBE-CANOPEN.1.3.0
2024-04-25 14:33:27,303 [WARN] PackLoader:240 - Cannot read IP mode file for STMicroelectronics.X-CUBE-BLEMGR.3.1.0
2024-04-25 14:33:27,319 [WARN] PackLoader:240 - Cannot read IP mode file for STMicroelectronics.FP-SNS-SMARTAG2.1.2.0
2024-04-25 14:33:27,339 [INFO] LogOutputStream:77 - [STDOUT_REDIRECT] 1 : Invalid condition id : UX_CORESTACK_Condition cause : null
2024-04-25 14:33:27,340 [INFO] LogOutputStream:77 - [STDOUT_REDIRECT] 1 : Invalid condition id : UX_CORESTACK_Condition cause : null
2024-04-25 14:33:27,340 [INFO] LogOutputStream:77 - [STDOUT_REDIRECT] 1 : Invalid condition id : UX_CORESTACK_Condition cause : null
2024-04-25 14:33:27,341 [INFO] LogOutputStream:77 - [STDOUT_REDIRECT] 1 : Invalid condition id : UX_CORESTACK_Condition cause : null
2024-04-25 14:33:27,341 [INFO] LogOutputStream:77 - [STDOUT_REDIRECT] 1 : Invalid condition id : UX_CORESTACK_Condition cause : null
2024-04-25 14:33:27,349 [WARN] PackLoader:240 - Cannot read IP mode file for STMicroelectronics.X-CUBE-AZRTOS-WL.2.0.0
2024-04-25 14:33:27,360 [WARN] PackLoader:240 - Cannot read IP mode file for STMicroelectronics.FP-SNS-MOTENV1.5.0.0
2024-04-25 14:33:27,378 [WARN] PackLoader:240 - Cannot read IP mode file for WES.I-CUBE-Cesium.1.3.0
2024-04-25 14:33:27,384 [WARN] PackLoader:240 - Cannot read IP mode file for STMicroelectronics.X-CUBE-BLE2.3.3.0
2024-04-25 14:33:27,395 [WARN] PackLoader:240 - Cannot read IP mode file for STMicroelectronics.X-CUBE-TCPP.4.1.0
2024-04-25 14:33:27,414 [WARN] PackLoader:240 - Cannot read IP mode file for STMicroelectronics.X-CUBE-ALGOBUILD.1.3.0
2024-04-25 14:33:27,448 [WARN] PackLoader:240 - Cannot read IP mode file for STMicroelectronics.X-CUBE-AZRTOS-G0.1.1.0
2024-04-25 14:33:27,465 [WARN] PackLoader:240 - Cannot read IP mode file for STMicroelectronics.X-CUBE-SAFEA1.1.2.2
2024-04-25 14:33:27,476 [WARN] PackLoader:240 - Cannot read IP mode file for STMicroelectronics.X-CUBE-NFC4.3.0.0
2024-04-25 14:33:27,486 [WARN] PackLoader:240 - Cannot read IP mode file for STMicroelectronics.FP-ATR-SIGFOX1.3.2.0
2024-04-25 14:33:27,496 [WARN] PackLoader:240 - Cannot read IP mode file for STMicroelectronics.X-CUBE-EEPRMA1.5.1.0
2024-04-25 14:33:27,589 [WARN] PackLoader:240 - Cannot read IP mode file for SEGGER.I-CUBE-embOS.1.3.1
2024-04-25 14:33:27,596 [INFO] WebApp:780 - Register for checkConnection events
2024-04-25 14:33:27,597 [INFO] WebApp:414 - Apply proxy settings
2024-04-25 14:33:27,597 [INFO] WebApp:499 - Chromium requires no authentication
2024-04-25 14:33:27,609 [INFO] WebApp:442 - Direct internet connection detected
2024-04-25 14:33:27,708 [WARN] PackLoader:240 - Cannot read IP mode file for STMicroelectronics.X-CUBE-GNSS1.6.0.0
2024-04-25 14:33:27,740 [WARN] PackLoader:240 - Cannot read IP mode file for STMicroelectronics.X-CUBE-AZRTOS-F4.1.1.0
2024-04-25 14:33:27,755 [WARN] PackLoader:240 - Cannot read IP mode file for STMicroelectronics.X-CUBE-FREERTOS.1.2.0
2024-04-25 14:33:27,760 [WARN] PackLoader:240 - Cannot read IP mode file for wolfSSL.I-CUBE-wolfSSL.5.6.6
2024-04-25 14:33:27,791 [WARN] PackLoader:240 - Cannot read IP mode file for STMicroelectronics.X-CUBE-AZRTOS-L5.2.0.0
2024-04-25 14:33:27,805 [INFO] WebApp:192 - Starting web application
2024-04-25 14:33:27,805 [INFO] WebApp:544 - Web application path used /opt/st/stm32cubeide_1.14.0/plugins/com.st.stm32cube.common.mx_6.10.0.202311202037/db/plugins/mcufinder/reactClient1/index.html
2024-04-25 14:33:27,809 [WARN] PackLoader:240 - Cannot read IP mode file for STMicroelectronics.X-CUBE-NFC6.3.1.0
2024-04-25 14:33:27,821 [WARN] PackLoader:240 - Cannot read IP mode file for ITTIA_DB.I-CUBE-ITTIADB.8.8.0
2024-04-25 14:33:27,827 [WARN] PackLoader:240 - Cannot read IP mode file for STMicroelectronics.X-CUBE-AI.9.0.0
2024-04-25 14:33:27,835 [WARN] PackLoader:240 - Cannot read IP mode file for STMicroelectronics.X-CUBE-NFC7.1.0.1
2024-04-25 14:33:27,842 [WARN] PackLoader:240 - Cannot read IP mode file for STMicroelectronics.X-CUBE-AI.8.1.0
2024-04-25 14:33:27,876 [WARN] ConditionMgr:438 - getConditionDescription Invalid condition id : LAN8742 Phy interface Condition cause : null
2024-04-25 14:33:27,877 [WARN] PackLoader:240 - Cannot read IP mode file for STMicroelectronics.X-CUBE-AZRTOS-L4.2.0.0
2024-04-25 14:33:27,880 [WARN] ConditionMgr:1039 - genDependencies : Invalid condition id : LAN8742 Phy interface Condition cause : null
2024-04-25 14:33:27,881 [WARN] ConditionMgr:1039 - genDependencies : Invalid condition id : LAN8742 Phy interface Condition cause : null
2024-04-25 14:33:27,882 [WARN] ConditionMgr:1039 - genDependencies : Invalid condition id : LAN8742 Phy interface Condition cause : null
2024-04-25 14:33:27,893 [WARN] PackLoader:240 - Cannot read IP mode file for STMicroelectronics.X-CUBE-SFXS2LP1.4.0.0
2024-04-25 14:33:27,916 [WARN] ConditionMgr:438 - getConditionDescription Invalid condition id : UX DEVICE CLASS RTOS Condition cause : null
2024-04-25 14:33:27,916 [WARN] ConditionMgr:438 - getConditionDescription Invalid condition id : UX DEVICE CLASS RTOS Condition cause : null
2024-04-25 14:33:27,920 [WARN] PackLoader:240 - Cannot read IP mode file for STMicroelectronics.X-CUBE-AZRTOS-WB.2.0.0
2024-04-25 14:33:27,921 [WARN] ConditionMgr:1039 - genDependencies : Invalid condition id : UX DEVICE CLASS RTOS Condition cause : null
2024-04-25 14:33:27,921 [WARN] ConditionMgr:1039 - genDependencies : Invalid condition id : UX DEVICE CLASS RTOS Condition cause : null
2024-04-25 14:33:27,922 [WARN] ConditionMgr:1039 - genDependencies : Invalid condition id : UX DEVICE CLASS RTOS Condition cause : null
2024-04-25 14:33:27,922 [WARN] ConditionMgr:1039 - genDependencies : Invalid condition id : UX DEVICE CLASS RTOS Condition cause : null
2024-04-25 14:33:27,923 [WARN] ConditionMgr:1039 - genDependencies : Invalid condition id : UX DEVICE CLASS RTOS Condition cause : null
2024-04-25 14:33:27,947 [WARN] PackLoader:240 - Cannot read IP mode file for STMicroelectronics.X-CUBE-SUBG2.5.0.0
2024-04-25 14:33:27,985 [WARN] PackLoader:240 - Cannot read IP mode file for STMicroelectronics.X-CUBE-AZRTOS-G4.2.0.0
2024-04-25 14:33:28,009 [WARN] PackLoader:240 - Cannot read IP mode file for Infineon.AIROC-Wi-Fi-Bluetooth-STM32.1.5.1
2024-04-25 14:33:28,024 [WARN] PackLoader:240 - Cannot read IP mode file for STMicroelectronics.FP-SNS-MOTENVWB1.1.3.1
2024-04-25 14:33:28,031 [WARN] PackLoader:240 - Cannot read IP mode file for STMicroelectronics.X-CUBE-ISPU.2.0.0
2024-04-25 14:33:28,119 [WARN] PackLoader:240 - Cannot read IP mode file for STMicroelectronics.X-CUBE-MEMS1.10.0.0
2024-04-25 14:33:28,447 [WARN] PackLoader:240 - Cannot read IP mode file for STMicroelectronics.X-CUBE-FREERTOS.1.1.0
2024-04-25 14:33:28,454 [WARN] PackLoader:240 - Cannot read IP mode file for portGmbH.I-Cube-SoM-uGOAL.1.1.0
2024-04-25 14:33:28,460 [WARN] PackLoader:240 - Cannot read IP mode file for STMicroelectronics.X-CUBE-ALS.1.0.1
2024-04-25 14:33:28,483 [WARN] PackLoader:240 - Cannot read IP mode file for STMicroelectronics.X-CUBE-AZRTOS-H7RS.1.0.0
2024-04-25 14:33:28,490 [WARN] PackLoader:240 - Cannot read IP mode file for STMicroelectronics.FP-ATR-ASTRA1.2.0.0
2024-04-25 14:33:28,502 [WARN] PackLoader:240 - Cannot read IP mode file for STMicroelectronics.X-CUBE-TOF1.3.4.1
2024-04-25 14:33:28,556 [WARN] PackLoader:240 - Cannot read IP mode file for STMicroelectronics.X-CUBE-AZRTOS-H7.3.2.0
2024-04-25 14:33:28,565 [INFO] ThirdParty:978 - Integrity check success = true
2024-04-25 14:33:28,565 [INFO] IntegrityCheckThread:100 - exiting critical section [integrity check]
2024-04-25 14:33:28,565 [INFO] IntegrityCheckThread:103 - End integrity checks thread
2024-04-25 14:33:48,326 [ERROR] LogOutputStream:75 - [STDERR_REDIRECT] SLF4J: Failed to load class "org.slf4j.impl.StaticLoggerBinder".
2024-04-25 14:33:48,326 [ERROR] LogOutputStream:75 - [STDERR_REDIRECT] SLF4J: Defaulting to no-operation (NOP) logger implementation
2024-04-25 14:33:48,326 [ERROR] LogOutputStream:75 - [STDERR_REDIRECT] SLF4J: See http://www.slf4j.org/codes.html#StaticLoggerBinder for further details.
