2024-04-25 14:33:16,517 [INFO] Activator:176 - 


2024-04-25 14:33:16,524 [INFO] Activator:177 - !SESSION log4j initialized
2024-04-25 14:33:21,964 [INFO] LogOutputStream:77 - [STDOUT_REDIRECT] 
2024-04-25 14:33:22,747 [INFO] ApplicationProperties:184 - Using Application install path: /opt/st/stm32cubeide_1.14.0/plugins/com.st.stm32cube.common.mx_6.10.0.202311202037
2024-04-25 14:33:22,765 [INFO] DbMcusXml:78 - Set database path to: /opt/st/stm32cubeide_1.14.0/plugins/com.st.stm32cube.common.mx_6.10.0.202311202037//db//mcu/
2024-04-25 14:33:22,766 [INFO] ApiDb:274 - Set plugin database path to: /opt/st/stm32cubeide_1.14.0/plugins/com.st.stm32cube.common.mx_6.10.0.202311202037//db//plugins/boardmanager/
2024-04-25 14:33:22,766 [WARN] ApiDb:259 - Overriding images path with different value:  => /opt/st/stm32cubeide_1.14.0/plugins/com.st.stm32cube.common.mx_6.10.0.202311202037//db//plugins/mcufinder/images/
2024-04-25 14:33:22,771 [INFO] ApiDb:250 - Set database path to: /users/tenzthup91/.stmcufinder/plugins/mcufinder//mcu/
2024-04-25 14:33:22,772 [INFO] DbMcusAds:125 - Set database path to: /users/tenzthup91/.stmcufinder/plugins/mcufinder//mcu/
2024-04-25 14:33:22,782 [INFO] CrossReferenceDbSqlite:203 - Set database path to: /users/tenzthup91/.stmcufinder/plugins/mcufinder//mcu/cs/
2024-04-25 14:33:22,924 [INFO] RulesReader:64 - Compatibility file has been processed (297 Rules)
2024-04-25 14:33:22,992 [INFO] DbMcusXml:78 - Set database path to: /opt/st/stm32cubeide_1.14.0/plugins/com.st.stm32cube.common.mx_6.10.0.202311202037//db//mcu/
2024-04-25 14:33:22,992 [INFO] ApiDb:274 - Set plugin database path to: /opt/st/stm32cubeide_1.14.0/plugins/com.st.stm32cube.common.mx_6.10.0.202311202037//db//plugins/boardmanager/
2024-04-25 14:33:22,992 [INFO] ApiDb:261 - Set plugin images path to: /opt/st/stm32cubeide_1.14.0/plugins/com.st.stm32cube.common.mx_6.10.0.202311202037//db//plugins/mcufinder/images/
2024-04-25 14:33:22,992 [WARN] DbFile:41 - Overriding database path with different value: /users/tenzthup91/.stmcufinder/plugins/mcufinder/ => /users/tenzthup91/.stmcufinder/plugins/mcufinder
2024-04-25 14:33:22,993 [INFO] ApiDb:250 - Set database path to: /users/tenzthup91/.stmcufinder/plugins/mcufinder//mcu/
2024-04-25 14:33:22,993 [WARN] DbFile:41 - Overriding database path with different value: /users/tenzthup91/.stmcufinder/plugins/mcufinder/ => /users/tenzthup91/.stmcufinder/plugins/mcufinder
2024-04-25 14:33:22,993 [INFO] DbMcusAds:125 - Set database path to: /users/tenzthup91/.stmcufinder/plugins/mcufinder//mcu/
2024-04-25 14:33:22,993 [WARN] DbFile:41 - Overriding database path with different value: /users/tenzthup91/.stmcufinder/plugins/mcufinder/ => /users/tenzthup91/.stmcufinder/plugins/mcufinder
2024-04-25 14:33:22,993 [WARN] DbFile:41 - Overriding database path with different value: /users/tenzthup91/.stmcufinder/plugins/mcufinder/ => /users/tenzthup91/.stmcufinder/plugins/mcufinder
2024-04-25 14:33:22,993 [INFO] CrossReferenceDbSqlite:203 - Set database path to: /users/tenzthup91/.stmcufinder/plugins/mcufinder//mcu/cs/
2024-04-25 14:33:23,055 [INFO] MainPanel:264 - HeapMemory: 268435456
2024-04-25 14:33:23,124 [INFO] DbMcusXml:78 - Set database path to: /opt/st/stm32cubeide_1.14.0/plugins/com.st.stm32cube.common.mx_6.10.0.202311202037//db//mcu/
2024-04-25 14:33:23,125 [INFO] ApiDb:274 - Set plugin database path to: /opt/st/stm32cubeide_1.14.0/plugins/com.st.stm32cube.common.mx_6.10.0.202311202037//db//plugins/boardmanager/
2024-04-25 14:33:23,125 [INFO] ApiDb:261 - Set plugin images path to: /opt/st/stm32cubeide_1.14.0/plugins/com.st.stm32cube.common.mx_6.10.0.202311202037//db//plugins/mcufinder/images/
2024-04-25 14:33:23,125 [WARN] DbFile:41 - Overriding database path with different value: /users/tenzthup91/.stmcufinder/plugins/mcufinder/ => /users/tenzthup91/.stmcufinder/plugins/mcufinder
2024-04-25 14:33:23,125 [INFO] ApiDb:250 - Set database path to: /users/tenzthup91/.stmcufinder/plugins/mcufinder//mcu/
2024-04-25 14:33:23,125 [WARN] DbFile:41 - Overriding database path with different value: /users/tenzthup91/.stmcufinder/plugins/mcufinder/ => /users/tenzthup91/.stmcufinder/plugins/mcufinder
2024-04-25 14:33:23,126 [INFO] DbMcusAds:125 - Set database path to: /users/tenzthup91/.stmcufinder/plugins/mcufinder//mcu/
2024-04-25 14:33:23,126 [WARN] DbFile:41 - Overriding database path with different value: /users/tenzthup91/.stmcufinder/plugins/mcufinder/ => /users/tenzthup91/.stmcufinder/plugins/mcufinder
2024-04-25 14:33:23,126 [WARN] DbFile:41 - Overriding database path with different value: /users/tenzthup91/.stmcufinder/plugins/mcufinder/ => /users/tenzthup91/.stmcufinder/plugins/mcufinder
2024-04-25 14:33:23,126 [INFO] CrossReferenceDbSqlite:203 - Set database path to: /users/tenzthup91/.stmcufinder/plugins/mcufinder//mcu/cs/
2024-04-25 14:33:23,141 [INFO] ApplicationProperties:184 - Using Application install path: /opt/st/stm32cubeide_1.14.0/plugins/com.st.stm32cube.common.mx_6.10.0.202311202037
2024-04-25 14:33:23,142 [INFO] PluginManage:196 - Search for loadable plugins [exclusion list=, ]
2024-04-25 14:33:23,143 [INFO] PluginManage:310 - Check plugin analytics
2024-04-25 14:33:23,310 [INFO] AnalyticsPlugin:253 - Accepted Software Licenses: 
2024-04-25 14:33:23,311 [INFO] AnalyticsPlugin:255 - Accepted CMSIS Pack Licenses: 
2024-04-25 14:33:23,311 [INFO] AnalyticsPlugin:257 - Accepted Firmware Licenses: FW.F7.1.17.0
2024-04-25 14:33:23,314 [INFO] PluginManage:359 - Loaded plugin analytics (category:tool,tabindex:-1)
2024-04-25 14:33:23,315 [INFO] PluginManage:310 - Check plugin cadmodel
2024-04-25 14:33:23,339 [INFO] CADModel:105 - Init CAD model plugin
2024-04-25 14:33:23,340 [INFO] PluginManage:359 - Loaded plugin cadmodel (category:power,tabindex:5)
2024-04-25 14:33:23,340 [INFO] PluginManage:310 - Check plugin clock
2024-04-25 14:33:23,349 [INFO] PluginManage:359 - Loaded plugin clock (category:base,tabindex:2)
2024-04-25 14:33:23,349 [INFO] PluginManage:310 - Check plugin ddr
2024-04-25 14:33:23,351 [INFO] PluginManage:359 - Loaded plugin ddr (category:tool,tabindex:6)
2024-04-25 14:33:23,351 [INFO] PluginManage:310 - Check plugin filemanager
2024-04-25 14:33:23,476 [INFO] PluginManage:359 - Loaded plugin filemanager (category:base,tabindex:10)
2024-04-25 14:33:23,476 [INFO] PluginManage:310 - Check plugin ipmanager
2024-04-25 14:33:23,481 [INFO] PluginManage:359 - Loaded plugin ipmanager (category:base,tabindex:5)
2024-04-25 14:33:23,481 [INFO] PluginManage:310 - Check plugin lpbam
2024-04-25 14:33:23,489 [INFO] PluginManage:359 - Loaded plugin lpbam (category:base,tabindex:0)
2024-04-25 14:33:23,489 [INFO] PluginManage:310 - Check plugin memorymap
2024-04-25 14:33:23,499 [INFO] PluginManage:359 - Loaded plugin memorymap (category:base,tabindex:4)
2024-04-25 14:33:23,499 [INFO] PluginManage:310 - Check plugin pinoutandconfiguration
2024-04-25 14:33:23,506 [INFO] PluginManage:359 - Loaded plugin pinoutandconfiguration (category:base,tabindex:1)
2024-04-25 14:33:23,506 [INFO] PluginManage:310 - Check plugin pinoutconfig
2024-04-25 14:33:23,590 [WARN] SupportedApi:132 - Cannot load RTOS API schema: s4s-elt-must-match.1: The content of 'definitions' must match (annotation?, (simpleType | complexType)?, (unique | key | keyref)*)). A problem was found starting at: attribute.
2024-04-25 14:33:23,723 [INFO] PluginManage:359 - Loaded plugin pinoutconfig (category:base,tabindex:0)
2024-04-25 14:33:23,724 [INFO] PluginManage:310 - Check plugin power
2024-04-25 14:33:23,731 [INFO] PluginManage:359 - Loaded plugin power (category:power,tabindex:4)
2024-04-25 14:33:23,732 [INFO] PluginManage:310 - Check plugin projectmanager
2024-04-25 14:33:23,749 [INFO] PluginManage:359 - Loaded plugin projectmanager (category:projectmanager,tabindex:3)
2024-04-25 14:33:23,749 [INFO] PluginManage:310 - Check plugin thirdparty
2024-04-25 14:33:23,865 [WARN] IntegrityCheckThread:84 - waiting for thirdparty lock release [integrity check]
2024-04-25 14:33:23,865 [INFO] PluginManage:359 - Loaded plugin thirdparty (category:base,tabindex:-1)
2024-04-25 14:33:23,865 [INFO] IntegrityCheckThread:86 - entering critical section [integrity check]
2024-04-25 14:33:23,865 [INFO] PluginManage:310 - Check plugin tools
2024-04-25 14:33:23,866 [INFO] ThirdPartyUpdaterWithRetryManager:70 - Updater plugin not ready yet. [1/15]
2024-04-25 14:33:23,867 [INFO] PluginManage:359 - Loaded plugin tools (category:base,tabindex:7)
2024-04-25 14:33:23,867 [INFO] PluginManage:310 - Check plugin tutovideos
2024-04-25 14:33:24,022 [INFO] PluginManage:359 - Loaded plugin tutovideos (category:base,tabindex:-1)
2024-04-25 14:33:24,023 [INFO] PluginManage:310 - Check plugin updater
2024-04-25 14:33:24,031 [INFO] PluginManage:359 - Loaded plugin updater (category:base,tabindex:12)
2024-04-25 14:33:24,031 [INFO] PluginManage:310 - Check plugin userauth
2024-04-25 14:33:24,035 [INFO] UserAuth:114 - Init User Auth plugin
2024-04-25 14:33:24,035 [INFO] PluginManage:359 - Loaded plugin userauth (category:base,tabindex:14)
2024-04-25 14:33:24,035 [INFO] PluginManage:283 - PluginManage : Loaded plugins [17]
2024-04-25 14:33:24,199 [INFO] PinOutPanel:1499 - setPackage(No Configuration,No Configuration)
2024-04-25 14:33:24,253 [INFO] CADModel:165 - CPN selected for project level
2024-04-25 14:33:24,253 [INFO] CADModel:114 - Register for checkConnection events
2024-04-25 14:33:24,264 [INFO] IPUIPlugin:80 - create IPUIPlugin
2024-04-25 14:33:24,264 [INFO] PluginManager:220 - loadIPPluginJar : add freertos
2024-04-25 14:33:24,268 [INFO] IPUIPlugin:80 - create IPUIPlugin
2024-04-25 14:33:24,268 [INFO] PluginManager:220 - loadIPPluginJar : add resmgrutility
2024-04-25 14:33:24,274 [INFO] IPUIPlugin:80 - create IPUIPlugin
2024-04-25 14:33:24,277 [INFO] PluginManager:220 - loadIPPluginJar : add plateformsettings
2024-04-25 14:33:24,284 [INFO] IPUIPlugin:80 - create IPUIPlugin
2024-04-25 14:33:24,284 [INFO] PluginManager:220 - loadIPPluginJar : add adc
2024-04-25 14:33:24,286 [INFO] IPUIPlugin:80 - create IPUIPlugin
2024-04-25 14:33:24,286 [INFO] PluginManager:220 - loadIPPluginJar : add hash
2024-04-25 14:33:24,292 [INFO] IPUIPlugin:80 - create IPUIPlugin
2024-04-25 14:33:24,292 [INFO] PluginManager:220 - loadIPPluginJar : add linkedlist
2024-04-25 14:33:24,296 [INFO] IPUIPlugin:80 - create IPUIPlugin
2024-04-25 14:33:24,296 [INFO] PluginManager:220 - loadIPPluginJar : add stm32_wpan
2024-04-25 14:33:24,297 [INFO] IPUIPlugin:80 - create IPUIPlugin
2024-04-25 14:33:24,298 [INFO] PluginManager:220 - loadIPPluginJar : add fatfs
2024-04-25 14:33:24,300 [INFO] IPUIPlugin:80 - create IPUIPlugin
2024-04-25 14:33:24,300 [INFO] PluginManager:220 - loadIPPluginJar : add openamp
2024-04-25 14:33:24,302 [INFO] IPUIPlugin:80 - create IPUIPlugin
2024-04-25 14:33:24,302 [INFO] PluginManager:220 - loadIPPluginJar : add tracer_emb
2024-04-25 14:33:24,304 [INFO] IPUIPlugin:80 - create IPUIPlugin
2024-04-25 14:33:24,304 [INFO] PluginManager:220 - loadIPPluginJar : add lorawan
2024-04-25 14:33:24,306 [INFO] IPUIPlugin:80 - create IPUIPlugin
2024-04-25 14:33:24,306 [INFO] PluginManager:220 - loadIPPluginJar : add opamp
2024-04-25 14:33:24,308 [INFO] IPUIPlugin:80 - create IPUIPlugin
2024-04-25 14:33:24,308 [INFO] PluginManager:220 - loadIPPluginJar : add tim
2024-04-25 14:33:24,310 [INFO] IPUIPlugin:80 - create IPUIPlugin
2024-04-25 14:33:24,310 [INFO] PluginManager:220 - loadIPPluginJar : add cryp
2024-04-25 14:33:24,312 [INFO] IPUIPlugin:80 - create IPUIPlugin
2024-04-25 14:33:24,312 [INFO] PluginManager:220 - loadIPPluginJar : add gtzc
2024-04-25 14:33:24,314 [INFO] IPUIPlugin:80 - create IPUIPlugin
2024-04-25 14:33:24,314 [INFO] PluginManager:220 - loadIPPluginJar : add gfxmmu
2024-04-25 14:33:24,315 [INFO] IPUIPlugin:80 - create IPUIPlugin
2024-04-25 14:33:24,315 [INFO] PluginManager:220 - loadIPPluginJar : add comp
2024-04-25 14:33:24,318 [INFO] IPUIPlugin:80 - create IPUIPlugin
2024-04-25 14:33:24,318 [INFO] PluginManager:220 - loadIPPluginJar : add touchsensing
2024-04-25 14:33:24,320 [INFO] IPUIPlugin:80 - create IPUIPlugin
2024-04-25 14:33:24,320 [INFO] PluginManager:220 - loadIPPluginJar : add i2c
2024-04-25 14:33:24,322 [INFO] IPUIPlugin:80 - create IPUIPlugin
2024-04-25 14:33:24,322 [INFO] PluginManager:220 - loadIPPluginJar : add pdm2pcm
2024-04-25 14:33:24,324 [INFO] IPUIPlugin:80 - create IPUIPlugin
2024-04-25 14:33:24,324 [INFO] PluginManager:220 - loadIPPluginJar : add aes
2024-04-25 14:33:24,326 [INFO] IPUIPlugin:80 - create IPUIPlugin
2024-04-25 14:33:24,326 [INFO] PluginManager:220 - loadIPPluginJar : add spi
2024-04-25 14:33:24,328 [INFO] IPUIPlugin:80 - create IPUIPlugin
2024-04-25 14:33:24,328 [INFO] PluginManager:220 - loadIPPluginJar : add genericplugin
2024-04-25 14:33:24,330 [INFO] IPUIPlugin:80 - create IPUIPlugin
2024-04-25 14:33:24,331 [INFO] PluginManager:220 - loadIPPluginJar : add ipddr
2024-04-25 14:33:24,332 [INFO] IPUIPlugin:80 - create IPUIPlugin
2024-04-25 14:33:24,333 [INFO] PluginManager:220 - loadIPPluginJar : add ucpd
2024-04-25 14:33:24,334 [INFO] IPUIPlugin:80 - create IPUIPlugin
2024-04-25 14:33:24,335 [INFO] PluginManager:220 - loadIPPluginJar : add ts
2024-04-25 14:33:24,337 [INFO] IPUIPlugin:80 - create IPUIPlugin
2024-04-25 14:33:24,337 [INFO] PluginManager:220 - loadIPPluginJar : add dma3
2024-04-25 14:33:24,340 [INFO] IPUIPlugin:80 - create IPUIPlugin
2024-04-25 14:33:24,340 [INFO] PluginManager:220 - loadIPPluginJar : add gpio
2024-04-25 14:33:24,341 [INFO] IPUIPlugin:80 - create IPUIPlugin
2024-04-25 14:33:24,342 [INFO] PluginManager:220 - loadIPPluginJar : add ltdc
2024-04-25 14:33:24,344 [INFO] IPUIPlugin:80 - create IPUIPlugin
2024-04-25 14:33:24,344 [INFO] PluginManager:220 - loadIPPluginJar : add usbx
2024-04-25 14:33:24,345 [INFO] IPUIPlugin:80 - create IPUIPlugin
2024-04-25 14:33:24,346 [INFO] PluginManager:220 - loadIPPluginJar : add tsc
2024-04-25 14:33:24,350 [INFO] IPUIPlugin:80 - create IPUIPlugin
2024-04-25 14:33:24,350 [INFO] PluginManager:220 - loadIPPluginJar : add fmc
2024-04-25 14:33:24,352 [INFO] IPUIPlugin:80 - create IPUIPlugin
2024-04-25 14:33:24,352 [INFO] PluginManager:220 - loadIPPluginJar : add usart
2024-04-25 14:33:24,354 [INFO] IPUIPlugin:80 - create IPUIPlugin
2024-04-25 14:33:24,354 [INFO] PluginManager:220 - loadIPPluginJar : add i2s
2024-04-25 14:33:24,356 [INFO] IPUIPlugin:80 - create IPUIPlugin
2024-04-25 14:33:24,356 [INFO] PluginManager:220 - loadIPPluginJar : add i3c
2024-04-25 14:33:24,359 [INFO] IPUIPlugin:80 - create IPUIPlugin
2024-04-25 14:33:24,359 [INFO] PluginManager:220 - loadIPPluginJar : add sai
2024-04-25 14:33:24,363 [INFO] IPUIPlugin:80 - create IPUIPlugin
2024-04-25 14:33:24,363 [INFO] PluginManager:220 - loadIPPluginJar : add gic
2024-04-25 14:33:24,368 [INFO] IPUIPlugin:80 - create IPUIPlugin
2024-04-25 14:33:24,368 [INFO] PluginManager:220 - loadIPPluginJar : add dma
2024-04-25 14:33:24,370 [INFO] IPUIPlugin:80 - create IPUIPlugin
2024-04-25 14:33:24,370 [INFO] PluginManager:220 - loadIPPluginJar : add dfsdm
2024-04-25 14:33:24,373 [INFO] IPUIPlugin:80 - create IPUIPlugin
2024-04-25 14:33:24,373 [INFO] PluginManager:220 - loadIPPluginJar : add can
2024-04-25 14:33:24,374 [INFO] IPUIPlugin:80 - create IPUIPlugin
2024-04-25 14:33:24,374 [INFO] PluginManager:220 - loadIPPluginJar : add quadspi
2024-04-25 14:33:24,377 [INFO] IPUIPlugin:80 - create IPUIPlugin
2024-04-25 14:33:24,377 [INFO] PluginManager:220 - loadIPPluginJar : add nvic
2024-04-25 14:33:24,382 [INFO] IPUIPlugin:80 - create IPUIPlugin
2024-04-25 14:33:24,382 [INFO] PluginManager:220 - loadIPPluginJar : add mdma
2024-04-25 14:33:24,491 [INFO] CADModel:165 - CPN selected for project level
2024-04-25 14:33:24,491 [INFO] CADModel:114 - Register for checkConnection events
2024-04-25 14:33:24,491 [FATAL] Updater:308 - Updater called before beeing initialized
2024-04-25 14:33:24,491 [ERROR] CADModel:125 - Updater not yet initialized, retry later 
2024-04-25 14:33:24,627 [INFO] CADModel:165 - CPN selected for project level
2024-04-25 14:33:24,627 [INFO] CADModel:114 - Register for checkConnection events
2024-04-25 14:33:24,627 [FATAL] Updater:308 - Updater called before beeing initialized
2024-04-25 14:33:24,627 [ERROR] CADModel:125 - Updater not yet initialized, retry later 
2024-04-25 14:33:24,631 [FATAL] Updater:308 - Updater called before beeing initialized
2024-04-25 14:33:24,738 [FATAL] Updater:308 - Updater called before beeing initialized
2024-04-25 14:33:24,743 [INFO] DbMcusAds:53 - JSON generation date=Wed Nov 29 11:52:27 CET 2023 (1701255147349)
2024-04-25 14:33:24,743 [FATAL] Updater:308 - Updater called before beeing initialized
2024-04-25 14:33:24,789 [WARN] DetailPanel:346 - Failed to get advertising image, set to default
2024-04-25 14:33:24,914 [FATAL] Updater:308 - Updater called before beeing initialized
2024-04-25 14:33:24,916 [FATAL] Updater:308 - Updater called before beeing initialized
2024-04-25 14:33:24,916 [FATAL] Updater:308 - Updater called before beeing initialized
2024-04-25 14:33:24,916 [WARN] DetailPanel:346 - Failed to get advertising image, set to default
2024-04-25 14:33:24,918 [FATAL] Updater:308 - Updater called before beeing initialized
2024-04-25 14:33:24,959 [ERROR] Updater:1120 - MainUpdater not yet initialized. External WinMGr cannot be set.
2024-04-25 14:33:24,961 [INFO] Updater:1056 - Updater Version found : 6.10.0
2024-04-25 14:33:24,977 [INFO] ApplicationProperties:184 - Using Application install path: /opt/st/stm32cubeide_1.14.0/plugins/com.st.stm32cube.common.mx_6.10.0.202311202037
2024-04-25 14:33:25,230 [INFO] MainUpdater:2873 - connection check result : 10
2024-04-25 14:33:25,230 [INFO] MainUpdater:290 - Updater Check For Update Now.
2024-04-25 14:33:25,231 [INFO] MicroXplorer:498 - Change Database Version : DB.6.0.100
2024-04-25 14:33:25,236 [INFO] McuFinderGlobals:63 - Set McuFinder mode to 2 (CubeIDE integrated)
2024-04-25 14:33:25,236 [INFO] UserAuth:180 - activating auth plugin
2024-04-25 14:33:25,240 [INFO] UserAuth:404 - Internet connection configuration mode: 1
2024-04-25 14:33:25,251 [INFO] JxBrowserEngine:152 - Initiate JxBrowser Engine with user profile folder
2024-04-25 14:33:25,447 [INFO] CheckServerUpdateThread:120 - End of CheckServer Thread
2024-04-25 14:33:26,645 [INFO] WebApp:161 - Instantiating new browser for Auth
2024-04-25 14:33:27,068 [WARN] PackLoader:240 - Cannot read IP mode file for STMicroelectronics.FP-SNS-MOTENVWB1.1.4.0
2024-04-25 14:33:27,080 [WARN] PackLoader:240 - Cannot read IP mode file for STMicroelectronics.X-CUBE-SMBUS.2.1.0
2024-04-25 14:33:27,085 [WARN] PackLoader:240 - Cannot read IP mode file for STMicroelectronics.X-CUBE-TOUCHGFX.4.23.1
2024-04-25 14:33:27,088 [WARN] PackLoader:240 - Cannot read IP mode file for STMicroelectronics.X-CUBE-TOUCHGFX.4.23.0
2024-04-25 14:33:27,091 [WARN] PackLoader:240 - Cannot read IP mode file for STMicroelectronics.X-CUBE-TOUCHGFX.4.23.2
2024-04-25 14:33:27,157 [WARN] PackLoader:240 - Cannot read IP mode file for STMicroelectronics.X-CUBE-AZRTOS-F7.1.1.0
2024-04-25 14:33:27,188 [WARN] PackLoader:240 - Cannot read IP mode file for STMicroelectronics.FP-SNS-MOTENV1.4.3.2
2024-04-25 14:33:27,205 [WARN] PackLoader:240 - Cannot read IP mode file for STMicroelectronics.FP-SNS-FLIGHT1.5.0.2
2024-04-25 14:33:27,237 [WARN] PackLoader:240 - Cannot read IP mode file for STMicroelectronics.X-CUBE-DISPLAY.3.0.0
2024-04-25 14:33:27,268 [WARN] PackLoader:240 - Cannot read IP mode file for STMicroelectronics.X-CUBE-BLE1.7.0.0
2024-04-25 14:33:27,280 [WARN] PackLoader:240 - Cannot read IP mode file for emotas.I-CUBE-CANOPEN.1.3.0
2024-04-25 14:33:27,303 [WARN] PackLoader:240 - Cannot read IP mode file for STMicroelectronics.X-CUBE-BLEMGR.3.1.0
2024-04-25 14:33:27,319 [WARN] PackLoader:240 - Cannot read IP mode file for STMicroelectronics.FP-SNS-SMARTAG2.1.2.0
2024-04-25 14:33:27,339 [INFO] LogOutputStream:77 - [STDOUT_REDIRECT] 1 : Invalid condition id : UX_CORESTACK_Condition cause : null
2024-04-25 14:33:27,340 [INFO] LogOutputStream:77 - [STDOUT_REDIRECT] 1 : Invalid condition id : UX_CORESTACK_Condition cause : null
2024-04-25 14:33:27,340 [INFO] LogOutputStream:77 - [STDOUT_REDIRECT] 1 : Invalid condition id : UX_CORESTACK_Condition cause : null
2024-04-25 14:33:27,341 [INFO] LogOutputStream:77 - [STDOUT_REDIRECT] 1 : Invalid condition id : UX_CORESTACK_Condition cause : null
2024-04-25 14:33:27,341 [INFO] LogOutputStream:77 - [STDOUT_REDIRECT] 1 : Invalid condition id : UX_CORESTACK_Condition cause : null
2024-04-25 14:33:27,349 [WARN] PackLoader:240 - Cannot read IP mode file for STMicroelectronics.X-CUBE-AZRTOS-WL.2.0.0
2024-04-25 14:33:27,360 [WARN] PackLoader:240 - Cannot read IP mode file for STMicroelectronics.FP-SNS-MOTENV1.5.0.0
2024-04-25 14:33:27,378 [WARN] PackLoader:240 - Cannot read IP mode file for WES.I-CUBE-Cesium.1.3.0
2024-04-25 14:33:27,384 [WARN] PackLoader:240 - Cannot read IP mode file for STMicroelectronics.X-CUBE-BLE2.3.3.0
2024-04-25 14:33:27,395 [WARN] PackLoader:240 - Cannot read IP mode file for STMicroelectronics.X-CUBE-TCPP.4.1.0
2024-04-25 14:33:27,414 [WARN] PackLoader:240 - Cannot read IP mode file for STMicroelectronics.X-CUBE-ALGOBUILD.1.3.0
2024-04-25 14:33:27,448 [WARN] PackLoader:240 - Cannot read IP mode file for STMicroelectronics.X-CUBE-AZRTOS-G0.1.1.0
2024-04-25 14:33:27,465 [WARN] PackLoader:240 - Cannot read IP mode file for STMicroelectronics.X-CUBE-SAFEA1.1.2.2
2024-04-25 14:33:27,476 [WARN] PackLoader:240 - Cannot read IP mode file for STMicroelectronics.X-CUBE-NFC4.3.0.0
2024-04-25 14:33:27,486 [WARN] PackLoader:240 - Cannot read IP mode file for STMicroelectronics.FP-ATR-SIGFOX1.3.2.0
2024-04-25 14:33:27,496 [WARN] PackLoader:240 - Cannot read IP mode file for STMicroelectronics.X-CUBE-EEPRMA1.5.1.0
2024-04-25 14:33:27,589 [WARN] PackLoader:240 - Cannot read IP mode file for SEGGER.I-CUBE-embOS.1.3.1
2024-04-25 14:33:27,596 [INFO] WebApp:780 - Register for checkConnection events
2024-04-25 14:33:27,597 [INFO] WebApp:414 - Apply proxy settings
2024-04-25 14:33:27,597 [INFO] WebApp:499 - Chromium requires no authentication
2024-04-25 14:33:27,609 [INFO] WebApp:442 - Direct internet connection detected
2024-04-25 14:33:27,708 [WARN] PackLoader:240 - Cannot read IP mode file for STMicroelectronics.X-CUBE-GNSS1.6.0.0
2024-04-25 14:33:27,740 [WARN] PackLoader:240 - Cannot read IP mode file for STMicroelectronics.X-CUBE-AZRTOS-F4.1.1.0
2024-04-25 14:33:27,755 [WARN] PackLoader:240 - Cannot read IP mode file for STMicroelectronics.X-CUBE-FREERTOS.1.2.0
2024-04-25 14:33:27,760 [WARN] PackLoader:240 - Cannot read IP mode file for wolfSSL.I-CUBE-wolfSSL.5.6.6
2024-04-25 14:33:27,791 [WARN] PackLoader:240 - Cannot read IP mode file for STMicroelectronics.X-CUBE-AZRTOS-L5.2.0.0
2024-04-25 14:33:27,805 [INFO] WebApp:192 - Starting web application
2024-04-25 14:33:27,805 [INFO] WebApp:544 - Web application path used /opt/st/stm32cubeide_1.14.0/plugins/com.st.stm32cube.common.mx_6.10.0.202311202037/db/plugins/mcufinder/reactClient1/index.html
2024-04-25 14:33:27,809 [WARN] PackLoader:240 - Cannot read IP mode file for STMicroelectronics.X-CUBE-NFC6.3.1.0
2024-04-25 14:33:27,821 [WARN] PackLoader:240 - Cannot read IP mode file for ITTIA_DB.I-CUBE-ITTIADB.8.8.0
2024-04-25 14:33:27,827 [WARN] PackLoader:240 - Cannot read IP mode file for STMicroelectronics.X-CUBE-AI.9.0.0
2024-04-25 14:33:27,835 [WARN] PackLoader:240 - Cannot read IP mode file for STMicroelectronics.X-CUBE-NFC7.1.0.1
2024-04-25 14:33:27,842 [WARN] PackLoader:240 - Cannot read IP mode file for STMicroelectronics.X-CUBE-AI.8.1.0
2024-04-25 14:33:27,876 [WARN] ConditionMgr:438 - getConditionDescription Invalid condition id : LAN8742 Phy interface Condition cause : null
2024-04-25 14:33:27,877 [WARN] PackLoader:240 - Cannot read IP mode file for STMicroelectronics.X-CUBE-AZRTOS-L4.2.0.0
2024-04-25 14:33:27,880 [WARN] ConditionMgr:1039 - genDependencies : Invalid condition id : LAN8742 Phy interface Condition cause : null
2024-04-25 14:33:27,881 [WARN] ConditionMgr:1039 - genDependencies : Invalid condition id : LAN8742 Phy interface Condition cause : null
2024-04-25 14:33:27,882 [WARN] ConditionMgr:1039 - genDependencies : Invalid condition id : LAN8742 Phy interface Condition cause : null
2024-04-25 14:33:27,893 [WARN] PackLoader:240 - Cannot read IP mode file for STMicroelectronics.X-CUBE-SFXS2LP1.4.0.0
2024-04-25 14:33:27,916 [WARN] ConditionMgr:438 - getConditionDescription Invalid condition id : UX DEVICE CLASS RTOS Condition cause : null
2024-04-25 14:33:27,916 [WARN] ConditionMgr:438 - getConditionDescription Invalid condition id : UX DEVICE CLASS RTOS Condition cause : null
2024-04-25 14:33:27,920 [WARN] PackLoader:240 - Cannot read IP mode file for STMicroelectronics.X-CUBE-AZRTOS-WB.2.0.0
2024-04-25 14:33:27,921 [WARN] ConditionMgr:1039 - genDependencies : Invalid condition id : UX DEVICE CLASS RTOS Condition cause : null
2024-04-25 14:33:27,921 [WARN] ConditionMgr:1039 - genDependencies : Invalid condition id : UX DEVICE CLASS RTOS Condition cause : null
2024-04-25 14:33:27,922 [WARN] ConditionMgr:1039 - genDependencies : Invalid condition id : UX DEVICE CLASS RTOS Condition cause : null
2024-04-25 14:33:27,922 [WARN] ConditionMgr:1039 - genDependencies : Invalid condition id : UX DEVICE CLASS RTOS Condition cause : null
2024-04-25 14:33:27,923 [WARN] ConditionMgr:1039 - genDependencies : Invalid condition id : UX DEVICE CLASS RTOS Condition cause : null
2024-04-25 14:33:27,947 [WARN] PackLoader:240 - Cannot read IP mode file for STMicroelectronics.X-CUBE-SUBG2.5.0.0
2024-04-25 14:33:27,985 [WARN] PackLoader:240 - Cannot read IP mode file for STMicroelectronics.X-CUBE-AZRTOS-G4.2.0.0
2024-04-25 14:33:28,009 [WARN] PackLoader:240 - Cannot read IP mode file for Infineon.AIROC-Wi-Fi-Bluetooth-STM32.1.5.1
2024-04-25 14:33:28,024 [WARN] PackLoader:240 - Cannot read IP mode file for STMicroelectronics.FP-SNS-MOTENVWB1.1.3.1
2024-04-25 14:33:28,031 [WARN] PackLoader:240 - Cannot read IP mode file for STMicroelectronics.X-CUBE-ISPU.2.0.0
2024-04-25 14:33:28,119 [WARN] PackLoader:240 - Cannot read IP mode file for STMicroelectronics.X-CUBE-MEMS1.10.0.0
2024-04-25 14:33:28,447 [WARN] PackLoader:240 - Cannot read IP mode file for STMicroelectronics.X-CUBE-FREERTOS.1.1.0
2024-04-25 14:33:28,454 [WARN] PackLoader:240 - Cannot read IP mode file for portGmbH.I-Cube-SoM-uGOAL.1.1.0
2024-04-25 14:33:28,460 [WARN] PackLoader:240 - Cannot read IP mode file for STMicroelectronics.X-CUBE-ALS.1.0.1
2024-04-25 14:33:28,483 [WARN] PackLoader:240 - Cannot read IP mode file for STMicroelectronics.X-CUBE-AZRTOS-H7RS.1.0.0
2024-04-25 14:33:28,490 [WARN] PackLoader:240 - Cannot read IP mode file for STMicroelectronics.FP-ATR-ASTRA1.2.0.0
2024-04-25 14:33:28,502 [WARN] PackLoader:240 - Cannot read IP mode file for STMicroelectronics.X-CUBE-TOF1.3.4.1
2024-04-25 14:33:28,556 [WARN] PackLoader:240 - Cannot read IP mode file for STMicroelectronics.X-CUBE-AZRTOS-H7.3.2.0
2024-04-25 14:33:28,565 [INFO] ThirdParty:978 - Integrity check success = true
2024-04-25 14:33:28,565 [INFO] IntegrityCheckThread:100 - exiting critical section [integrity check]
2024-04-25 14:33:28,565 [INFO] IntegrityCheckThread:103 - End integrity checks thread
2024-04-25 14:33:48,326 [ERROR] LogOutputStream:75 - [STDERR_REDIRECT] SLF4J: Failed to load class "org.slf4j.impl.StaticLoggerBinder".
2024-04-25 14:33:48,326 [ERROR] LogOutputStream:75 - [STDERR_REDIRECT] SLF4J: Defaulting to no-operation (NOP) logger implementation
2024-04-25 14:33:48,326 [ERROR] LogOutputStream:75 - [STDERR_REDIRECT] SLF4J: See http://www.slf4j.org/codes.html#StaticLoggerBinder for further details.
2024-04-25 14:37:27,352 [INFO] McuFinderGlobals:63 - Set McuFinder mode to 2 (CubeIDE integrated)
2024-04-25 14:37:27,357 [INFO] MainUpdater:2873 - connection check result : 10
2024-04-25 14:37:27,357 [INFO] MainUpdater:2873 - connection check result : 10
2024-04-25 14:37:27,384 [INFO] MicroXplorer:468 - Change Database Path : 
2024-04-25 14:37:27,385 [INFO] MicroXplorer:498 - Change Database Version : DB.6.0.100
2024-04-25 14:37:27,389 [WARN] ThirdParty:871 - waiting for thirdparty lock release [close project]
2024-04-25 14:37:27,389 [INFO] ThirdParty:873 - entering critical section [close project]
2024-04-25 14:37:27,390 [INFO] ThirdParty:883 - exiting critical section [close project]
2024-04-25 14:37:27,392 [INFO] PinOutPanel:1499 - setPackage(No Configuration,No Configuration)
2024-04-25 14:37:27,396 [INFO] UtilMem:75 - Begin LoadConfig() Used Memory: 660086976 Bytes (1027604480)
2024-04-25 14:37:27,398 [INFO] MicroXplorer:468 - Change Database Path : 
2024-04-25 14:37:27,398 [INFO] MicroXplorer:498 - Change Database Version : DB.6.0.100
2024-04-25 14:37:27,398 [INFO] OpenFileManager:312 - Change cursor
2024-04-25 14:37:27,429 [INFO] Mcu:2016 - Initializing MCU STM32F746NGHx STM32F746NGHx STM32F746NGH6
2024-04-25 14:37:29,970 [INFO] Context:659 - Trying to add GPIOservice into a context  which must be forbidden
2024-04-25 14:37:30,978 [INFO] RtosManager:555 - Registered RTOS mode: class=CMSIS, group=RTOS, mode=CMSIS_V1, owner=FREERTOS
2024-04-25 14:37:30,979 [INFO] RtosManager:555 - Registered RTOS mode: class=CMSIS, group=RTOS2, mode=CMSIS_V2, owner=FREERTOS
2024-04-25 14:37:30,979 [INFO] RtosManager:555 - Registered RTOS mode: class=RTOS, group=Core, mode=CMSIS_V1, owner=FREERTOS
2024-04-25 14:37:30,979 [INFO] RtosManager:555 - Registered RTOS mode: class=RTOS, group=Core, mode=CMSIS_V2, owner=FREERTOS
2024-04-25 14:37:30,979 [WARN] ModelIntegratedComponent:184 - Missing modes for component STMicroelectronics:FreeRTOS:0.0.1:STMicroelectronics:RTOS:FreeRTOS:Core:::10.2.0:
2024-04-25 14:37:31,000 [WARN] ModelIntegratedComponent:63 - No mode defined for component null
2024-04-25 14:37:31,000 [WARN] ModelIntegratedComponent:63 - No mode defined for component null
2024-04-25 14:37:31,000 [WARN] ModelIntegratedComponent:63 - No mode defined for component null
2024-04-25 14:37:31,001 [WARN] ModelIntegratedComponent:63 - No mode defined for component null
2024-04-25 14:37:31,001 [WARN] ModelIntegratedComponent:63 - No mode defined for component null
2024-04-25 14:37:31,001 [WARN] ModelIntegratedComponent:63 - No mode defined for component null
2024-04-25 14:37:31,001 [WARN] ModelIntegratedComponent:63 - No mode defined for component null
2024-04-25 14:37:31,001 [WARN] ModelIntegratedComponent:63 - No mode defined for component null
2024-04-25 14:37:31,001 [WARN] ModelIntegratedComponent:63 - No mode defined for component null
2024-04-25 14:37:31,001 [WARN] ModelIntegratedComponent:63 - No mode defined for component null
2024-04-25 14:37:31,001 [WARN] ModelIntegratedComponent:63 - No mode defined for component null
2024-04-25 14:37:31,001 [WARN] ModelIntegratedComponent:63 - No mode defined for component null
2024-04-25 14:37:31,002 [WARN] ModelIntegratedComponent:63 - No mode defined for component null
2024-04-25 14:37:31,002 [WARN] ModelIntegratedComponent:63 - No mode defined for component null
2024-04-25 14:37:31,002 [WARN] ModelIntegratedComponent:63 - No mode defined for component null
2024-04-25 14:37:31,002 [WARN] ModelIntegratedComponent:63 - No mode defined for component null
2024-04-25 14:37:31,002 [WARN] ModelIntegratedComponent:63 - No mode defined for component null
2024-04-25 14:37:31,002 [WARN] ModelIntegratedComponent:63 - No mode defined for component null
2024-04-25 14:37:31,002 [WARN] ModelIntegratedComponent:63 - No mode defined for component null
2024-04-25 14:37:31,002 [WARN] ModelIntegratedComponent:63 - No mode defined for component null
2024-04-25 14:37:31,002 [WARN] ModelIntegratedComponent:63 - No mode defined for component null
2024-04-25 14:37:31,003 [WARN] ModelIntegratedComponent:63 - No mode defined for component null
2024-04-25 14:37:31,003 [WARN] ModelIntegratedComponent:63 - No mode defined for component null
2024-04-25 14:37:31,003 [WARN] ModelIntegratedComponent:63 - No mode defined for component null
2024-04-25 14:37:31,003 [WARN] ModelIntegratedComponent:63 - No mode defined for component null
2024-04-25 14:37:31,003 [WARN] ModelIntegratedComponent:63 - No mode defined for component null
2024-04-25 14:37:31,003 [WARN] ModelIntegratedComponent:63 - No mode defined for component null
2024-04-25 14:37:31,003 [WARN] ModelIntegratedComponent:63 - No mode defined for component null
2024-04-25 14:37:31,003 [WARN] ModelIntegratedComponent:63 - No mode defined for component null
2024-04-25 14:37:31,003 [WARN] ModelIntegratedComponent:63 - No mode defined for component null
2024-04-25 14:37:31,004 [WARN] ModelIntegratedComponent:63 - No mode defined for component null
2024-04-25 14:37:31,004 [WARN] ModelIntegratedComponent:63 - No mode defined for component null
2024-04-25 14:37:31,004 [WARN] ModelIntegratedComponent:63 - No mode defined for component null
2024-04-25 14:37:31,132 [INFO] ThirdPartyModel:298 - Start build external matchings
2024-04-25 14:37:31,606 [INFO] ThirdPartyModel:316 - End build external matchings
2024-04-25 14:37:31,622 [INFO] RtosManager:919 - Current active RTOS is FREERTOS [Cortex-M7NS]
2024-04-25 14:37:31,644 [INFO] ImportTextPane:194 - (OptionalMessage_ERROR) IP (RCC) : Invalid parameter (FamilyName)
2024-04-25 14:37:31,644 [INFO] ImportTextPane:194 - (OptionalMessage_ERROR) IP (RCC) : Parameter (LCDTFToutputFreq_Value) has invalid value (48000000)
2024-04-25 14:37:31,645 [INFO] ImportTextPane:194 - (OptionalMessage_ERROR) IP (RCC) : Parameter (RNGFreq_Value) has invalid value (216000000)
2024-04-25 14:37:31,645 [INFO] ImportTextPane:194 - (OptionalMessage_ERROR) IP (RCC) : Parameter (SDMMCFreq_Value) has invalid value (216000000)
2024-04-25 14:37:31,646 [INFO] ImportTextPane:194 - (OptionalMessage_ERROR) IP (RCC) : Parameter (USBFreq_Value) has invalid value (216000000)
2024-04-25 14:37:32,013 [INFO] UtilMem:75 - End LoadConfig() Used Memory: 861196784 Bytes (1073741824)
2024-04-25 14:37:32,130 [INFO] ApiDb:581 - Connected to CubeFinder SQLite database (/users/tenzthup91/.stmcufinder/plugins/mcufinder/mcu/cube-finder-db.db)
2024-04-25 14:37:32,217 [INFO] ApiDb:668 - CubeFinder database Data Model version=2.1
2024-04-25 14:37:32,217 [INFO] ApiDb:669 - CubeFinder database Configuration version=3.0.39
2024-04-25 14:37:32,218 [INFO] ApiDb:670 - CubeFinder database generation date=2024-03-25 (1711369621)
2024-04-25 14:37:32,218 [INFO] ApiDb:671 - CubeFinder database FW Pack versions=[FP-ATR-ASTRA1_V2.0.0, FP-SNS-FLIGHT1_V5.0.1, FP-SNS-FLIGHT1_V5.0.2, FP-SNS-MOTENV1_V4.3.1, FP-SNS-MOTENV1_V4.3.2, FP-SNS-MOTENVWB1_V1.3.1, FP-SNS-SMARTAG2_V1.2.0, STM32Cube_FW_C0_V1.1.0, STM32Cube_FW_F4_V1.28.0, STM32Cube_FW_F7_V1.17.0, STM32Cube_FW_G0_V1.6.2, STM32Cube_FW_G4_V1.5.2, STM32Cube_FW_H5_V0.5.1, STM32Cube_FW_H5_V1.1.1, STM32Cube_FW_H5_V1.2.0, STM32Cube_FW_H5_V1.2.0RC4, STM32Cube_FW_H7RS_V1.0.0, STM32Cube_FW_H7RS_V1.0.0RC4, STM32Cube_FW_H7_V1.11.0, STM32Cube_FW_L0_V1.12.2, STM32Cube_FW_L5_V1.5.1, STM32Cube_FW_U0_V1.0.0, STM32Cube_FW_U0_V1.0.0RC1, STM32Cube_FW_U5_V1.3.0RC4, STM32Cube_FW_U5_V1.5.0, STM32Cube_FW_U5_V1.5.0RC1, STM32Cube_FW_WBA_V1.0.0RC1, STM32Cube_FW_WBA_V1.2.0, STM32Cube_FW_WBA_V1.2.0RC2, STM32Cube_FW_WBA_V1.3.0, STM32Cube_FW_WBA_V1.3.0RC1, STM32Cube_FW_WB_V1.15.0RC1, STM32Cube_FW_WB_V1.16.0, STM32Cube_FW_WB_V1.16.0RC2, STM32Cube_FW_WB_V1.18.0, STM32Cube_FW_WB_V1.19.0, STM32Cube_FW_WL_V1.3.0, X-CUBE-ALGOBUILD_V1.3.0, X-CUBE-ALS_V1.0.1, X-CUBE-AZRTOS-F4_V1.1.0, X-CUBE-AZRTOS-F7_V1.1.0, X-CUBE-AZRTOS-G0_V1.1.0, X-CUBE-AZRTOS-G4_V2.0.0, X-CUBE-AZRTOS-H7_V3.2.0, X-CUBE-AZRTOS-L4_V1.0.0, X-CUBE-AZRTOS-L4_V2.0.0, X-CUBE-AZRTOS-L5_V1.1.0, X-CUBE-AZRTOS-WB_V2.0.0, X-CUBE-AZRTOS-WL_V2.0.0, X-CUBE-BLE1_V7.0.0, X-CUBE-BLE2_V3.3.0, X-CUBE-BLEMGR_V3.1.0, X-CUBE-EEPRMA1_V4.1.0, X-CUBE-EEPRMA1_V5.1.0, X-CUBE-FREERTOS_V1.1.0, X-CUBE-GNSS1_V6.0.0, X-CUBE-MEMS1_V10.0.0, X-CUBE-MEMS1_V9.1.0, X-CUBE-MEMS1_V9.4.0, X-CUBE-MEMS1_V9.6.0, X-CUBE-NFC4_V3.0.0, X-CUBE-NFC7_V1.0.1, X-CUBE-SFXS2LP1_V4.0.0, X-CUBE-SUBG2_V5.0.0, X-CUBE-TOF1_V3.4.0]
2024-04-25 14:37:35,436 [INFO] ApiDb:240 - Found 371 in-development CPN: [B-G473E-ZEST1S, B-WB1M-WPAN1, B-WL5M-SUBG1, NUCLEO-C031C6, NUCLEO-H503RB, NUCLEO-H563ZI, NUCLEO-U545RE-Q, NUCLEO-U5A5ZJ-Q, NUCLEO-WBA52CG, NUCLEO-WBA55CG, STEVAL-MKBOXPRO, STEVAL-PROTEUS1, STEVAL-STWINBX1, STM320518-EVAL, STM32C0116-DK, STM32C011D6Y3TR, STM32C011D6Y6TR, STM32C011F4P3, STM32C011F4P6, STM32C011F4U3, STM32C011F4U6TR, STM32C011F6P3, STM32C011F6P6, STM32C011F6U3, STM32C011F6U6TR, STM32C011J4M3, STM32C011J4M6, STM32C011J6M3, STM32C011J6M6, STM32C0316-DK, STM32C031C4T3, STM32C031C4T6, STM32C031C4U3, STM32C031C4U6, STM32C031C6T3, STM32C031C6T6, STM32C031C6U3, STM32C031C6U6, STM32C031F4P3, STM32C031F4P6, STM32C031F6P3, STM32C031F6P6, STM32C031G4U3, STM32C031G4U6, STM32C031G6U3, STM32C031G6U6, STM32C031K4T3, STM32C031K4T6, STM32C031K4U3, STM32C031K4U6, STM32C031K6T3, STM32C031K6T6, STM32C031K6U3, STM32C031K6U6, STM32G071K8TXN, STM32G071K8UXN, STM32G081GBU6N, STM32G081KBT6N, STM32G081KBUXN, STM32G0B1CCT6N, STM32G0B1KCT6, STM32G0B1NEY6TR, STM32G0B1RCT6N, STM32G0C1CCT6, STM32G0C1CCT6N, STM32G0C1CCU6N, STM32G0C1CET6N, STM32G0C1CEU6N, STM32G0C1KCT6, STM32G0C1NEY6TR, STM32G0C1RCI6N, STM32G0C1RCT6N, STM32G0C1REI6N, STM32G0C1RET6N, STM32G0C1VCI6, STM32G0C1VEI6, STM32G471CCT6, STM32G471CCU6, STM32G471CET3, STM32G471CET6, STM32G471CEU3, STM32G471CEU6, STM32G471MCT6, STM32G471MET3, STM32G471MET6, STM32G471MEY6TR, STM32G471QCT6, STM32G471QET3, STM32G471RCT6, STM32G471RET3, STM32G471RET6, STM32G471VCH6, STM32G471VCI6, STM32G471VCT6, STM32G471VEH3, STM32G471VEH6, STM32G471VEI3, STM32G471VEI6, STM32G471VET3, STM32G471VET6, STM32G474CCT6, STM32H503CBT6, STM32H503CBU6, STM32H503EBY6TR, STM32H503KBU6, STM32H503RBT6, STM32H562AGI6, STM32H562AII6, STM32H562IGK6, STM32H562IGT6, STM32H562IIK6, STM32H562IIT6, STM32H562RGT6, STM32H562RGV6, STM32H562RIT6, STM32H562RIV6, STM32H562VGT6, STM32H562VIT6, STM32H562ZGT6, STM32H562ZIT6, STM32H563AGI6, STM32H563AII3Q, STM32H563AII6, STM32H563IGK6, STM32H563IGT6, STM32H563IIK3Q, STM32H563IIK6, STM32H563IIT3Q, STM32H563IIT6, STM32H563MIY3QTR, STM32H563RGT6, STM32H563RGV6, STM32H563RIT6, STM32H563RIV6, STM32H563VGT6, STM32H563VIT3Q, STM32H563VIT6, STM32H563ZGT6, STM32H563ZIT3Q, STM32H563ZIT6, STM32H573AII3Q, STM32H573AII6, STM32H573I-DK, STM32H573IIK3Q, STM32H573IIK6, STM32H573IIT3Q, STM32H573IIT6, STM32H573MIY3QTR, STM32H573RIT6, STM32H573RIV6, STM32H573VIT3Q, STM32H573VIT6, STM32H573ZIT3Q, STM32H573ZIT6, STM32L4R5QGI6STR, STM32MP131AAE3, STM32MP131AAF3, STM32MP131AAG3, STM32MP131CAE3, STM32MP131CAF3, STM32MP131CAG3, STM32MP131DAE7, STM32MP131DAF7, STM32MP131DAG7, STM32MP131FAE7, STM32MP131FAF7, STM32MP131FAG7, STM32MP133AAE3, STM32MP133AAF3, STM32MP133AAG3, STM32MP133CAE3, STM32MP133CAF3, STM32MP133CAG3, STM32MP133DAE7, STM32MP133DAF7, STM32MP133DAG7, STM32MP133FAE7, STM32MP133FAF7, STM32MP133FAG7, STM32MP135AAE3, STM32MP135AAF3, STM32MP135AAG3, STM32MP135CAE3, STM32MP135CAF3, STM32MP135CAG3, STM32MP135DAE7, STM32MP135DAF7, STM32MP135DAG7, STM32MP135F-DK, STM32MP135FAE7, STM32MP135FAF7, STM32MP135FAF7T, STM32MP135FAF7U, STM32MP135FAG7, STM32U535CBT6, STM32U535CBT6Q, STM32U535CBU6, STM32U535CBU6Q, STM32U535CCT6, STM32U535CCT6Q, STM32U535CCU6, STM32U535CCU6Q, STM32U535CET6, STM32U535CET6Q, STM32U535CEU6, STM32U535CEU6Q, STM32U535JEY6QTR, STM32U535NCY6QTR, STM32U535NEY6QTR, STM32U535RBI6, STM32U535RBI6Q, STM32U535RBT6, STM32U535RBT6Q, STM32U535RCI6, STM32U535RCI6Q, STM32U535RCT6, STM32U535RCT6Q, STM32U535REI6, STM32U535REI6Q, STM32U535RET6, STM32U535RET6Q, STM32U535VCI6, STM32U535VCI6Q, STM32U535VCT6, STM32U535VCT6Q, STM32U535VEI6, STM32U535VEI6Q, STM32U535VET6, STM32U535VET6Q, STM32U545CET6, STM32U545CET6Q, STM32U545CEU6, STM32U545CEU6Q, STM32U545JEY6QTR, STM32U545NEY6QTR, STM32U545REI6, STM32U545REI6Q, STM32U545RET6, STM32U545RET6Q, STM32U545VEI6, STM32U545VEI6Q, STM32U545VET6, STM32U545VET6Q, STM32U595AIH6, STM32U595AIH6Q, STM32U595AJH6, STM32U595AJH6Q, STM32U595QII6, STM32U595QII6Q, STM32U595QJI6, STM32U595QJI6Q, STM32U595RIT6, STM32U595RIT6Q, STM32U595RJT6, STM32U595RJT6Q, STM32U595VIT6, STM32U595VIT6Q, STM32U595VJT6, STM32U595VJT6Q, STM32U595ZIT6, STM32U595ZIT6Q, STM32U595ZIY6QTR, STM32U595ZJT6, STM32U595ZJT6Q, STM32U595ZJY6QTR, STM32U599BJY6QTR, STM32U599NIH6Q, STM32U599NJH6Q, STM32U599VIT6Q, STM32U599VJT6, STM32U599VJT6Q, STM32U599ZIT6Q, STM32U599ZIY6QTR, STM32U599ZJT6Q, STM32U599ZJY6QTR, STM32U5A5AJH6, STM32U5A5AJH6Q, STM32U5A5QJI6, STM32U5A5QJI6Q, STM32U5A5RJT6, STM32U5A5RJT6Q, STM32U5A5VJT6, STM32U5A5VJT6Q, STM32U5A5ZJT6, STM32U5A5ZJT6Q, STM32U5A5ZJY6QTR, STM32U5A9BJY6QTR, STM32U5A9J-DK, STM32U5A9NJH6Q, STM32U5A9VJT6Q, STM32U5A9ZJT6Q, STM32U5A9ZJY6QTR, STM32U5F7VIT6, STM32U5F7VIT6Q, STM32U5F7VJT6, STM32U5F7VJT6Q, STM32U5F9BJY6QTR, STM32U5F9NJH6Q, STM32U5F9VIT6Q, STM32U5F9VJT6Q, STM32U5F9ZIJ6QTR, STM32U5F9ZIT6Q, STM32U5F9ZJJ6QTR, STM32U5F9ZJT6Q, STM32U5G7VJT6, STM32U5G7VJT6Q, STM32U5G9BJY6QTR, STM32U5G9J-DK1, STM32U5G9J-DK2, STM32U5G9NJH6Q, STM32U5G9VJT6Q, STM32U5G9ZJJ6QTR, STM32U5G9ZJT6Q, STM32WB1MMCH6, STM32WBA50KEU6, STM32WBA50KEU6TR, STM32WBA50KGU6, STM32WBA50KGU6TR, STM32WBA52CEU6, STM32WBA52CEU6TR, STM32WBA52CEU7, STM32WBA52CEU7TR, STM32WBA52CGU6, STM32WBA52CGU6TR, STM32WBA52CGU6U, STM32WBA52CGU7, STM32WBA52CGU7TR, STM32WBA52KEU6, STM32WBA52KEU6TR, STM32WBA52KGU6, STM32WBA52KGU6TR, STM32WBA54CEU6, STM32WBA54CEU6TR, STM32WBA54CEU7, STM32WBA54CEU7TR, STM32WBA54CGU6, STM32WBA54CGU6TR, STM32WBA54CGU7, STM32WBA54CGU7TR, STM32WBA54KEU6, STM32WBA54KEU6TR, STM32WBA54KEU7, STM32WBA54KEU7TR, STM32WBA54KGU6, STM32WBA54KGU6TR, STM32WBA54KGU7, STM32WBA54KGU7TR, STM32WBA55CEU6, STM32WBA55CEU6TR, STM32WBA55CEU7, STM32WBA55CEU7TR, STM32WBA55CGU6, STM32WBA55CGU6TR, STM32WBA55CGU6U, STM32WBA55CGU7, STM32WBA55CGU7TR, STM32WBA55G-DK1, STM32WBA55HEF6, STM32WBA55HEF7, STM32WBA55HGF6, STM32WBA55HGF7, STM32WBA55UEI6, STM32WBA55UEI6TR, STM32WBA55UEI7, STM32WBA55UEI7TR, STM32WBA55UGI6, STM32WBA55UGI6TR, STM32WBA55UGI7, STM32WBA55UGI7TR, STM32WL5MOCH6, STM32WL5MOCH6TR]
2024-04-25 14:37:35,442 [INFO] DbMcus:218 - Found 4069 MCUs, 4069 are supported
2024-04-25 14:37:35,443 [INFO] ApiDb:423 - Load user favorites file /users/tenzthup91/.stm32cubeide/favorites.mcus.txt: 0 item(s)
2024-04-25 14:37:35,443 [INFO] ApiDb:427 - User favorites MCUs=[]
2024-04-25 14:37:35,443 [INFO] DbMcus:224 - Set 0 / 0 favorites MCUs
2024-04-25 14:37:36,067 [INFO] MicroXplorer:468 - Change Database Path : 
2024-04-25 14:37:36,067 [INFO] MicroXplorer:498 - Change Database Version : DB.6.0.100
2024-04-25 14:37:36,068 [WARN] ThirdParty:833 - waiting for thirdparty lock release [change project]
2024-04-25 14:37:36,068 [INFO] ThirdParty:835 - entering critical section [change project]
2024-04-25 14:37:36,068 [INFO] ThirdParty:1030 - CMSIS Pack Vendor :STMicroelectronics USBPD 4.1
2024-04-25 14:37:36,068 [INFO] ThirdParty:1030 - CMSIS Pack Vendor :STMicroelectronics X-CUBE-GNSS1 6.0.0
2024-04-25 14:37:36,068 [INFO] ThirdParty:1030 - CMSIS Pack Vendor :STMicroelectronics USB_HOST 2.0.0
2024-04-25 14:37:36,068 [INFO] ThirdParty:1030 - CMSIS Pack Vendor :STMicroelectronics FP-SNS-MOTENVWB1 1.4.0
2024-04-25 14:37:36,068 [INFO] ThirdParty:1030 - CMSIS Pack Vendor :STMicroelectronics X-CUBE-AZRTOS-F4 1.1.0
2024-04-25 14:37:36,068 [INFO] ThirdParty:1030 - CMSIS Pack Vendor :STMicroelectronics LIBJPEG 8.0.0
2024-04-25 14:37:36,068 [INFO] ThirdParty:1030 - CMSIS Pack Vendor :STMicroelectronics X-CUBE-SMBUS 2.1.0
2024-04-25 14:37:36,069 [INFO] ThirdParty:1030 - CMSIS Pack Vendor :STMicroelectronics USB_DEVICE 3.0.0
2024-04-25 14:37:36,069 [INFO] ThirdParty:1030 - CMSIS Pack Vendor :STMicroelectronics X-CUBE-TCPP 4.1.0
2024-04-25 14:37:36,069 [INFO] ThirdParty:1030 - CMSIS Pack Vendor :STMicroelectronics X-CUBE-FREERTOS 1.2.0
2024-04-25 14:37:36,069 [INFO] ThirdParty:1030 - CMSIS Pack Vendor :STMicroelectronics X-CUBE-AZRTOS-WB 2.0.0
2024-04-25 14:37:36,069 [INFO] ThirdParty:1030 - CMSIS Pack Vendor :wolfSSL I-CUBE-wolfSSL 5.6.6
2024-04-25 14:37:36,069 [INFO] ThirdParty:1030 - CMSIS Pack Vendor :STMicroelectronics X-CUBE-TOUCHGFX 4.23.1
2024-04-25 14:37:36,069 [INFO] ThirdParty:1030 - CMSIS Pack Vendor :STMicroelectronics X-CUBE-TOUCHGFX 4.23.0
2024-04-25 14:37:36,069 [INFO] ThirdParty:1030 - CMSIS Pack Vendor :STMicroelectronics X-CUBE-TOUCHGFX 4.23.2
2024-04-25 14:37:36,069 [INFO] ThirdParty:1030 - CMSIS Pack Vendor :STMicroelectronics X-CUBE-AZRTOS-F7 1.1.0
2024-04-25 14:37:36,069 [INFO] ThirdParty:1030 - CMSIS Pack Vendor :STMicroelectronics X-CUBE-AZRTOS-L5 2.0.0
2024-04-25 14:37:36,069 [INFO] ThirdParty:1030 - CMSIS Pack Vendor :STMicroelectronics USB_DEVICE 2.0.0
2024-04-25 14:37:36,070 [INFO] ThirdParty:1030 - CMSIS Pack Vendor :STMicroelectronics X-CUBE-NFC6 3.1.0
2024-04-25 14:37:36,070 [INFO] ThirdParty:1030 - CMSIS Pack Vendor :ITTIA_DB I-CUBE-ITTIADB 8.8.0
2024-04-25 14:37:36,070 [INFO] ThirdParty:1030 - CMSIS Pack Vendor :STMicroelectronics FP-SNS-MOTENV1 4.3.2
2024-04-25 14:37:36,070 [INFO] ThirdParty:1030 - CMSIS Pack Vendor :STMicroelectronics X-CUBE-ALGOBUILD 1.3.0
2024-04-25 14:37:36,070 [INFO] ThirdParty:1030 - CMSIS Pack Vendor :STMicroelectronics FreeRTOS 0.0.1
2024-04-25 14:37:36,070 [INFO] ThirdParty:1030 - CMSIS Pack Vendor :STMicroelectronics X-CUBE-AZRTOS-G0 1.1.0
2024-04-25 14:37:36,070 [INFO] ThirdParty:1030 - CMSIS Pack Vendor :STMicroelectronics X-CUBE-SAFEA1 1.2.2
2024-04-25 14:37:36,070 [INFO] ThirdParty:1030 - CMSIS Pack Vendor :STMicroelectronics X-CUBE-NFC4 3.0.0
2024-04-25 14:37:36,070 [INFO] ThirdParty:1030 - CMSIS Pack Vendor :STMicroelectronics X-CUBE-SUBG2 5.0.0
2024-04-25 14:37:36,070 [INFO] ThirdParty:1030 - CMSIS Pack Vendor :STMicroelectronics STM32_WPAN 1.0.0
2024-04-25 14:37:36,071 [INFO] ThirdParty:1030 - CMSIS Pack Vendor :STMicroelectronics lwIP 2.0.3
2024-04-25 14:37:36,071 [INFO] ThirdParty:1030 - CMSIS Pack Vendor :STMicroelectronics FP-SNS-FLIGHT1 5.0.2
2024-04-25 14:37:36,071 [INFO] ThirdParty:1030 - CMSIS Pack Vendor :STMicroelectronics USB_HOST 1.0.0
2024-04-25 14:37:36,071 [INFO] ThirdParty:1030 - CMSIS Pack Vendor :STMicroelectronics X-CUBE-AI 9.0.0
2024-04-25 14:37:36,071 [INFO] ThirdParty:1030 - CMSIS Pack Vendor :STMicroelectronics X-CUBE-AZRTOS-G4 2.0.0
2024-04-25 14:37:36,071 [INFO] ThirdParty:1030 - CMSIS Pack Vendor :STMicroelectronics PDM2PCM 3.1.0
2024-04-25 14:37:36,071 [INFO] ThirdParty:1030 - CMSIS Pack Vendor :Infineon AIROC-Wi-Fi-Bluetooth-STM32 1.5.1
2024-04-25 14:37:36,071 [INFO] ThirdParty:1030 - CMSIS Pack Vendor :STMicroelectronics PDM2PCM 3.3.0
2024-04-25 14:37:36,071 [INFO] ThirdParty:1030 - CMSIS Pack Vendor :STMicroelectronics X-CUBE-DISPLAY 3.0.0
2024-04-25 14:37:36,071 [INFO] ThirdParty:1030 - CMSIS Pack Vendor :STMicroelectronics FP-SNS-MOTENVWB1 1.3.1
2024-04-25 14:37:36,072 [INFO] ThirdParty:1030 - CMSIS Pack Vendor :STMicroelectronics X-CUBE-BLE1 7.0.0
2024-04-25 14:37:36,072 [INFO] ThirdParty:1030 - CMSIS Pack Vendor :STMicroelectronics FP-ATR-SIGFOX1 3.2.0
2024-04-25 14:37:36,072 [INFO] ThirdParty:1030 - CMSIS Pack Vendor :STMicroelectronics X-CUBE-ISPU 2.0.0
2024-04-25 14:37:36,072 [INFO] ThirdParty:1030 - CMSIS Pack Vendor :STMicroelectronics X-CUBE-EEPRMA1 5.1.0
2024-04-25 14:37:36,072 [INFO] ThirdParty:1030 - CMSIS Pack Vendor :STMicroelectronics HAL Drivers 0.0.0
2024-04-25 14:37:36,072 [INFO] ThirdParty:1030 - CMSIS Pack Vendor :STMicroelectronics MBEDTLS 2.16.2
2024-04-25 14:37:36,072 [INFO] ThirdParty:1030 - CMSIS Pack Vendor :emotas I-CUBE-CANOPEN 1.3.0
2024-04-25 14:37:36,072 [INFO] ThirdParty:1030 - CMSIS Pack Vendor :STMicroelectronics X-CUBE-MEMS1 10.0.0
2024-04-25 14:37:36,072 [INFO] ThirdParty:1030 - CMSIS Pack Vendor :STMicroelectronics X-CUBE-FREERTOS 1.1.0
2024-04-25 14:37:36,073 [INFO] ThirdParty:1030 - CMSIS Pack Vendor :STMicroelectronics X-CUBE-NFC7 1.0.1
2024-04-25 14:37:36,073 [INFO] ThirdParty:1030 - CMSIS Pack Vendor :STMicroelectronics MBEDTLS 2.14.1
2024-04-25 14:37:36,073 [INFO] ThirdParty:1030 - CMSIS Pack Vendor :portGmbH I-Cube-SoM-uGOAL 1.1.0
2024-04-25 14:37:36,073 [INFO] ThirdParty:1030 - CMSIS Pack Vendor :STMicroelectronics X-CUBE-ALS 1.0.1
2024-04-25 14:37:36,073 [INFO] ThirdParty:1030 - CMSIS Pack Vendor :STMicroelectronics X-CUBE-BLEMGR 3.1.0
2024-04-25 14:37:36,073 [INFO] ThirdParty:1030 - CMSIS Pack Vendor :STMicroelectronics ThreadX 1.0.0
2024-04-25 14:37:36,073 [INFO] ThirdParty:1030 - CMSIS Pack Vendor :STMicroelectronics FP-SNS-SMARTAG2 1.2.0
2024-04-25 14:37:36,073 [INFO] ThirdParty:1030 - CMSIS Pack Vendor :STMicroelectronics X-CUBE-AZRTOS-WL 2.0.0
2024-04-25 14:37:36,073 [INFO] ThirdParty:1030 - CMSIS Pack Vendor :SEGGER I-CUBE-embOS 1.3.1
2024-04-25 14:37:36,074 [INFO] ThirdParty:1030 - CMSIS Pack Vendor :STMicroelectronics FP-SNS-MOTENV1 5.0.0
2024-04-25 14:37:36,074 [INFO] ThirdParty:1030 - CMSIS Pack Vendor :STMicroelectronics USB_DEVICE 1.0.0
2024-04-25 14:37:36,074 [INFO] ThirdParty:1030 - CMSIS Pack Vendor :STMicroelectronics X-CUBE-AI 8.1.0
2024-04-25 14:37:36,074 [INFO] ThirdParty:1030 - CMSIS Pack Vendor :STMicroelectronics X-CUBE-AZRTOS-H7RS 1.0.0
2024-04-25 14:37:36,074 [INFO] ThirdParty:1030 - CMSIS Pack Vendor :STMicroelectronics X-CUBE-AZRTOS-L4 2.0.0
2024-04-25 14:37:36,074 [INFO] ThirdParty:1030 - CMSIS Pack Vendor :STMicroelectronics ThreadX 0.0.2
2024-04-25 14:37:36,074 [INFO] ThirdParty:1030 - CMSIS Pack Vendor :WES I-CUBE-Cesium 1.3.0
2024-04-25 14:37:36,074 [INFO] ThirdParty:1030 - CMSIS Pack Vendor :STMicroelectronics FP-ATR-ASTRA1 2.0.0
2024-04-25 14:37:36,074 [INFO] ThirdParty:1030 - CMSIS Pack Vendor :STMicroelectronics lwIP 2.1.2
2024-04-25 14:37:36,075 [INFO] ThirdParty:1030 - CMSIS Pack Vendor :STMicroelectronics X-CUBE-SFXS2LP1 4.0.0
2024-04-25 14:37:36,075 [INFO] ThirdParty:1030 - CMSIS Pack Vendor :STMicroelectronics X-CUBE-BLE2 3.3.0
2024-04-25 14:37:36,075 [INFO] ThirdParty:1030 - CMSIS Pack Vendor :STMicroelectronics X-CUBE-TOF1 3.4.1
2024-04-25 14:37:36,075 [INFO] ThirdParty:1030 - CMSIS Pack Vendor :STMicroelectronics X-CUBE-AZRTOS-H7 3.2.0
2024-04-25 14:37:36,075 [INFO] ThirdParty:1030 - CMSIS Pack Vendor :STMicroelectronics PDM2PCM 3.2.0
2024-04-25 14:37:36,075 [INFO] ThirdParty:841 - exiting critical section [change project]
2024-04-25 14:37:36,849 [INFO] PinOutPanel:1499 - setPackage(No Configuration,No Configuration)
2024-04-25 14:37:36,851 [INFO] PinOutPanel:1499 - setPackage(STM32F746NGHx,TFBGA216)
2024-04-25 14:37:37,974 [INFO] UtilMem:75 - Before build in PCC Used Memory: 668650728 Bytes (1073741824)
2024-04-25 14:37:38,750 [INFO] UtilMem:75 - After build in PCC Used Memory: 759346680 Bytes (1073741824)
2024-04-25 14:37:38,860 [INFO] ApiDbMcu:508 - Load IP Config File for FREERTOS
2024-04-25 14:37:38,920 [INFO] IPUIPlugin:80 - create IPUIPlugin
2024-04-25 14:37:38,920 [INFO] IPUIPlugin:80 - create IPUIPlugin
2024-04-25 14:37:38,920 [INFO] IPUIPlugin:80 - create IPUIPlugin
2024-04-25 14:37:38,921 [INFO] IPUIPlugin:80 - create IPUIPlugin
2024-04-25 14:37:38,921 [INFO] IPUIPlugin:80 - create IPUIPlugin
2024-04-25 14:37:38,921 [INFO] IPUIPlugin:80 - create IPUIPlugin
2024-04-25 14:37:38,921 [INFO] IPUIPlugin:80 - create IPUIPlugin
2024-04-25 14:37:38,922 [INFO] IPUIPlugin:80 - create IPUIPlugin
2024-04-25 14:37:38,922 [INFO] IPUIPlugin:80 - create IPUIPlugin
2024-04-25 14:37:38,922 [INFO] IPUIPlugin:80 - create IPUIPlugin
2024-04-25 14:37:38,922 [INFO] IPUIPlugin:80 - create IPUIPlugin
2024-04-25 14:37:38,923 [INFO] IPUIPlugin:80 - create IPUIPlugin
2024-04-25 14:37:38,923 [INFO] IPUIPlugin:80 - create IPUIPlugin
2024-04-25 14:37:38,923 [INFO] IPUIPlugin:80 - create IPUIPlugin
2024-04-25 14:37:38,923 [INFO] IPUIPlugin:80 - create IPUIPlugin
2024-04-25 14:37:38,923 [INFO] IPUIPlugin:80 - create IPUIPlugin
2024-04-25 14:37:38,924 [INFO] IPUIPlugin:80 - create IPUIPlugin
2024-04-25 14:37:38,924 [INFO] IPUIPlugin:80 - create IPUIPlugin
2024-04-25 14:37:38,924 [INFO] IPUIPlugin:80 - create IPUIPlugin
2024-04-25 14:37:38,924 [INFO] IPUIPlugin:80 - create IPUIPlugin
2024-04-25 14:37:38,924 [INFO] IPUIPlugin:80 - create IPUIPlugin
2024-04-25 14:37:38,925 [INFO] IPUIPlugin:80 - create IPUIPlugin
2024-04-25 14:37:38,925 [INFO] IPUIPlugin:80 - create IPUIPlugin
2024-04-25 14:37:38,925 [INFO] IPUIPlugin:80 - create IPUIPlugin
2024-04-25 14:37:38,925 [INFO] IPUIPlugin:80 - create IPUIPlugin
2024-04-25 14:37:38,926 [INFO] IPUIPlugin:80 - create IPUIPlugin
2024-04-25 14:37:38,926 [INFO] IPUIPlugin:80 - create IPUIPlugin
2024-04-25 14:37:38,926 [INFO] IPUIPlugin:80 - create IPUIPlugin
2024-04-25 14:37:38,927 [INFO] IPUIPlugin:80 - create IPUIPlugin
2024-04-25 14:37:38,927 [INFO] IPUIPlugin:80 - create IPUIPlugin
2024-04-25 14:37:38,927 [INFO] IPUIPlugin:80 - create IPUIPlugin
2024-04-25 14:37:38,928 [INFO] IPUIPlugin:80 - create IPUIPlugin
2024-04-25 14:37:38,928 [INFO] IPUIPlugin:80 - create IPUIPlugin
2024-04-25 14:37:38,928 [INFO] IPUIPlugin:80 - create IPUIPlugin
2024-04-25 14:37:38,929 [INFO] IPUIPlugin:80 - create IPUIPlugin
2024-04-25 14:37:38,929 [INFO] IPUIPlugin:80 - create IPUIPlugin
2024-04-25 14:37:38,930 [INFO] IPUIPlugin:80 - create IPUIPlugin
2024-04-25 14:37:38,930 [INFO] IPUIPlugin:80 - create IPUIPlugin
2024-04-25 14:37:38,930 [INFO] IPUIPlugin:80 - create IPUIPlugin
2024-04-25 14:37:38,931 [INFO] IPUIPlugin:80 - create IPUIPlugin
2024-04-25 14:37:38,931 [INFO] IPUIPlugin:80 - create IPUIPlugin
2024-04-25 14:37:38,931 [INFO] IPUIPlugin:80 - create IPUIPlugin
2024-04-25 14:37:38,932 [INFO] IPUIPlugin:80 - create IPUIPlugin
2024-04-25 14:37:38,932 [INFO] IPUIPlugin:80 - create IPUIPlugin
2024-04-25 14:37:38,932 [INFO] IPUIPlugin:80 - create IPUIPlugin
2024-04-25 14:37:38,932 [INFO] IPUIPlugin:80 - create IPUIPlugin
2024-04-25 14:37:38,933 [INFO] IPUIPlugin:80 - create IPUIPlugin
2024-04-25 14:37:38,933 [INFO] IPUIPlugin:80 - create IPUIPlugin
2024-04-25 14:37:38,933 [INFO] IPUIPlugin:80 - create IPUIPlugin
2024-04-25 14:37:38,933 [INFO] IPUIPlugin:80 - create IPUIPlugin
2024-04-25 14:37:38,934 [INFO] IPUIPlugin:80 - create IPUIPlugin
2024-04-25 14:37:38,934 [INFO] IPUIPlugin:80 - create IPUIPlugin
2024-04-25 14:37:38,934 [INFO] IPUIPlugin:80 - create IPUIPlugin
2024-04-25 14:37:38,934 [INFO] IPUIPlugin:80 - create IPUIPlugin
2024-04-25 14:37:38,934 [INFO] IPUIPlugin:80 - create IPUIPlugin
2024-04-25 14:37:38,935 [INFO] IPUIPlugin:80 - create IPUIPlugin
2024-04-25 14:37:38,935 [INFO] IPUIPlugin:80 - create IPUIPlugin
2024-04-25 14:37:38,935 [INFO] IPUIPlugin:80 - create IPUIPlugin
2024-04-25 14:37:38,935 [INFO] IPUIPlugin:80 - create IPUIPlugin
2024-04-25 14:37:38,936 [INFO] IPUIPlugin:80 - create IPUIPlugin
2024-04-25 14:37:38,936 [INFO] IPUIPlugin:80 - create IPUIPlugin
2024-04-25 14:37:38,936 [INFO] IPUIPlugin:80 - create IPUIPlugin
2024-04-25 14:37:38,937 [INFO] IPUIPlugin:80 - create IPUIPlugin
2024-04-25 14:37:38,937 [INFO] IPUIPlugin:80 - create IPUIPlugin
2024-04-25 14:37:38,937 [INFO] IPUIPlugin:80 - create IPUIPlugin
2024-04-25 14:37:38,938 [INFO] IPUIPlugin:80 - create IPUIPlugin
2024-04-25 14:37:38,938 [INFO] IPUIPlugin:80 - create IPUIPlugin
2024-04-25 14:37:38,939 [INFO] IPUIPlugin:80 - create IPUIPlugin
2024-04-25 14:37:38,939 [INFO] IPUIPlugin:80 - create IPUIPlugin
2024-04-25 14:37:38,940 [INFO] IPUIPlugin:80 - create IPUIPlugin
2024-04-25 14:37:38,940 [INFO] IPUIPlugin:80 - create IPUIPlugin
2024-04-25 14:37:38,941 [INFO] IPUIPlugin:80 - create IPUIPlugin
2024-04-25 14:37:38,941 [INFO] IPUIPlugin:80 - create IPUIPlugin
2024-04-25 14:37:38,942 [INFO] IPUIPlugin:80 - create IPUIPlugin
2024-04-25 14:37:38,952 [INFO] ApiDbMcu:508 - Load IP Config File for PDM2PCM
2024-04-25 14:37:38,993 [WARN] FreeRTOS:1023 - Null or empty value: should not occur! (nothing added to the table)
2024-04-25 14:37:39,220 [INFO] CADModel:165 - CPN selected for project levelSTM32F746NGH6
2024-04-25 14:37:39,220 [INFO] CADModel:114 - Register for checkConnection events
2024-04-25 14:37:39,224 [INFO] RtosManager:697 - Active RTOS found at IOC load: FREERTOS [Cortex-M7NS]
2024-04-25 14:37:39,274 [INFO] OpenFileManager:343 - Restore cursor
2024-04-25 15:42:07,381 [INFO] NvicIntPanel:101 - NVIC parent = com.st.microxplorer.plugins.ip.nvic.MultiNvicIntPanel[,0,0,0x0,invalid,layout=javax.swing.BoxLayout,alignmentX=0.0,alignmentY=0.0,border=,flags=9,maximumSize=,minimumSize=,preferredSize=]
2024-04-25 15:42:31,688 [INFO] NvicIntPanel:101 - NVIC parent = com.st.microxplorer.plugins.ip.nvic.MultiNvicIntPanel[,0,0,0x0,invalid,layout=javax.swing.BoxLayout,alignmentX=0.0,alignmentY=0.0,border=,flags=9,maximumSize=,minimumSize=,preferredSize=]
2024-04-25 15:42:31,868 [INFO] NvicIntPanel:101 - NVIC parent = com.st.microxplorer.plugins.ip.nvic.MultiNvicIntPanel[,0,0,0x0,invalid,layout=javax.swing.BoxLayout,alignmentX=0.0,alignmentY=0.0,border=,flags=9,maximumSize=,minimumSize=,preferredSize=]
2024-04-25 15:42:35,903 [INFO] NvicIntPanel:101 - NVIC parent = com.st.microxplorer.plugins.ip.nvic.MultiNvicIntPanel[,0,0,0x0,invalid,layout=javax.swing.BoxLayout,alignmentX=0.0,alignmentY=0.0,border=,flags=9,maximumSize=,minimumSize=,preferredSize=]
2024-04-25 15:42:36,078 [INFO] NvicIntPanel:101 - NVIC parent = com.st.microxplorer.plugins.ip.nvic.MultiNvicIntPanel[,0,0,0x0,invalid,layout=javax.swing.BoxLayout,alignmentX=0.0,alignmentY=0.0,border=,flags=9,maximumSize=,minimumSize=,preferredSize=]
2024-04-25 15:42:45,393 [INFO] UtilMem:75 - End SaveConfig() Used Memory: 667974680 Bytes (822083584)
2024-04-25 15:42:45,541 [INFO] UtilMem:75 - End SaveConfig() Used Memory: 689994776 Bytes (822083584)
2024-04-25 15:42:45,560 [ERROR] RegexParser:59 - Issue caught when parsing regex: null
2024-04-25 15:42:46,057 [INFO] UtilMem:75 - End SaveConfig() Used Memory: 251829752 Bytes (822083584)
2024-04-25 15:42:48,536 [INFO] BlockDiagram:2759 - set Specific Code input for plugin: SPI
2024-04-25 15:42:48,536 [INFO] BlockDiagram:2759 - set Specific Code input for plugin: FREERTOS
2024-04-25 15:42:48,537 [INFO] BlockDiagram:2759 - set Specific Code input for plugin: TIM1_8F7
2024-04-25 15:42:48,537 [INFO] BlockDiagram:2759 - set Specific Code input for plugin: SYS
2024-04-25 15:42:48,537 [INFO] BlockDiagram:2759 - set Specific Code input for plugin: RCC
2024-04-25 15:42:48,537 [INFO] BlockDiagram:2759 - set Specific Code input for plugin: NVIC
2024-04-25 15:42:48,538 [INFO] BlockDiagram:2759 - set Specific Code input for plugin: USART
2024-04-25 15:42:48,539 [INFO] BlockDiagram:2759 - set Specific Code input for plugin: GPIO
2024-04-25 15:42:48,540 [INFO] CodeGenerator:807 - code generatio: config db path: /opt/st/stm32cubeide_1.14.0/plugins/com.st.stm32cube.common.mx_6.10.0.202311202037//db/
2024-04-25 15:42:49,123 [INFO] CodeEngine:255 - oldGeneratedFile, /users/tenzthup91/STM32CubeIDE/TP_noyau/Tp_FREERTOS/MXTmpFiles/license.tmp_save
2024-04-25 15:42:49,586 [INFO] CodeEngine:279 - Generated code: /users/tenzthup91/STM32CubeIDE/TP_noyau/Tp_FREERTOS/MXTmpFiles/license.tmp
2024-04-25 15:42:50,117 [INFO] CodeEngine:255 - oldGeneratedFile, /users/tenzthup91/STM32CubeIDE/TP_noyau/Tp_FREERTOS/Core/Src/gpio.c_save
2024-04-25 15:42:50,393 [INFO] CodeEngine:279 - Generated code: /users/tenzthup91/STM32CubeIDE/TP_noyau/Tp_FREERTOS/Core/Src/gpio.c
2024-04-25 15:42:50,395 [INFO] CodeEngine:255 - oldGeneratedFile, /users/tenzthup91/STM32CubeIDE/TP_noyau/Tp_FREERTOS/Core/Inc/gpio.h_save
2024-04-25 15:42:50,517 [INFO] CodeEngine:279 - Generated code: /users/tenzthup91/STM32CubeIDE/TP_noyau/Tp_FREERTOS/Core/Inc/gpio.h
2024-04-25 15:42:52,716 [INFO] Middleware:1439 - No code input for Bsp Dependency
2024-04-25 15:42:52,721 [INFO] CodeEngine:255 - oldGeneratedFile, /users/tenzthup91/STM32CubeIDE/TP_noyau/Tp_FREERTOS/MXTmpFiles/rtos_inc.tmp_save
2024-04-25 15:42:52,821 [INFO] CodeEngine:279 - Generated code: /users/tenzthup91/STM32CubeIDE/TP_noyau/Tp_FREERTOS/MXTmpFiles/rtos_inc.tmp
2024-04-25 15:42:52,823 [INFO] CodeEngine:255 - oldGeneratedFile, /users/tenzthup91/STM32CubeIDE/TP_noyau/Tp_FREERTOS/MXTmpFiles/rtos_vars.tmp_save
2024-04-25 15:42:52,919 [INFO] CodeEngine:279 - Generated code: /users/tenzthup91/STM32CubeIDE/TP_noyau/Tp_FREERTOS/MXTmpFiles/rtos_vars.tmp
2024-04-25 15:42:52,921 [INFO] CodeEngine:255 - oldGeneratedFile, /users/tenzthup91/STM32CubeIDE/TP_noyau/Tp_FREERTOS/MXTmpFiles/rtos_pfp.tmp_save
2024-04-25 15:42:53,009 [INFO] CodeEngine:279 - Generated code: /users/tenzthup91/STM32CubeIDE/TP_noyau/Tp_FREERTOS/MXTmpFiles/rtos_pfp.tmp
2024-04-25 15:42:53,011 [INFO] CodeEngine:255 - oldGeneratedFile, /users/tenzthup91/STM32CubeIDE/TP_noyau/Tp_FREERTOS/MXTmpFiles/rtos_obj_creat.tmp_save
2024-04-25 15:42:53,103 [INFO] CodeEngine:279 - Generated code: /users/tenzthup91/STM32CubeIDE/TP_noyau/Tp_FREERTOS/MXTmpFiles/rtos_obj_creat.tmp
2024-04-25 15:42:53,105 [INFO] CodeEngine:255 - oldGeneratedFile, /users/tenzthup91/STM32CubeIDE/TP_noyau/Tp_FREERTOS/MXTmpFiles/rtos_kernelStart.tmp_save
2024-04-25 15:42:53,191 [INFO] CodeEngine:279 - Generated code: /users/tenzthup91/STM32CubeIDE/TP_noyau/Tp_FREERTOS/MXTmpFiles/rtos_kernelStart.tmp
2024-04-25 15:42:53,193 [INFO] CodeEngine:255 - oldGeneratedFile, /users/tenzthup91/STM32CubeIDE/TP_noyau/Tp_FREERTOS/MXTmpFiles/rtos_default_thread.tmp_save
2024-04-25 15:42:53,278 [INFO] CodeEngine:279 - Generated code: /users/tenzthup91/STM32CubeIDE/TP_noyau/Tp_FREERTOS/MXTmpFiles/rtos_default_thread.tmp
2024-04-25 15:42:53,279 [INFO] CodeEngine:255 - oldGeneratedFile, /users/tenzthup91/STM32CubeIDE/TP_noyau/Tp_FREERTOS/MXTmpFiles/rtos_threads.tmp_save
2024-04-25 15:42:53,364 [INFO] CodeEngine:279 - Generated code: /users/tenzthup91/STM32CubeIDE/TP_noyau/Tp_FREERTOS/MXTmpFiles/rtos_threads.tmp
2024-04-25 15:42:53,376 [INFO] Middleware:1439 - No code input for Bsp Dependency
2024-04-25 15:42:53,381 [INFO] CodeEngine:255 - oldGeneratedFile, /users/tenzthup91/STM32CubeIDE/TP_noyau/Tp_FREERTOS/MXTmpFiles/rtos_inc.tmp_save
2024-04-25 15:42:53,464 [INFO] CodeEngine:279 - Generated code: /users/tenzthup91/STM32CubeIDE/TP_noyau/Tp_FREERTOS/MXTmpFiles/rtos_inc.tmp
2024-04-25 15:42:53,466 [INFO] CodeEngine:255 - oldGeneratedFile, /users/tenzthup91/STM32CubeIDE/TP_noyau/Tp_FREERTOS/MXTmpFiles/rtos_vars.tmp_save
2024-04-25 15:42:53,553 [INFO] CodeEngine:279 - Generated code: /users/tenzthup91/STM32CubeIDE/TP_noyau/Tp_FREERTOS/MXTmpFiles/rtos_vars.tmp
2024-04-25 15:42:53,555 [INFO] CodeEngine:255 - oldGeneratedFile, /users/tenzthup91/STM32CubeIDE/TP_noyau/Tp_FREERTOS/MXTmpFiles/rtos_pfp.tmp_save
2024-04-25 15:42:53,640 [INFO] CodeEngine:279 - Generated code: /users/tenzthup91/STM32CubeIDE/TP_noyau/Tp_FREERTOS/MXTmpFiles/rtos_pfp.tmp
2024-04-25 15:42:53,642 [INFO] CodeEngine:255 - oldGeneratedFile, /users/tenzthup91/STM32CubeIDE/TP_noyau/Tp_FREERTOS/MXTmpFiles/rtos_obj_creat.tmp_save
2024-04-25 15:42:53,731 [INFO] CodeEngine:279 - Generated code: /users/tenzthup91/STM32CubeIDE/TP_noyau/Tp_FREERTOS/MXTmpFiles/rtos_obj_creat.tmp
2024-04-25 15:42:53,733 [INFO] CodeEngine:255 - oldGeneratedFile, /users/tenzthup91/STM32CubeIDE/TP_noyau/Tp_FREERTOS/MXTmpFiles/rtos_kernelStart.tmp_save
2024-04-25 15:42:53,817 [INFO] CodeEngine:279 - Generated code: /users/tenzthup91/STM32CubeIDE/TP_noyau/Tp_FREERTOS/MXTmpFiles/rtos_kernelStart.tmp
2024-04-25 15:42:53,818 [INFO] CodeEngine:255 - oldGeneratedFile, /users/tenzthup91/STM32CubeIDE/TP_noyau/Tp_FREERTOS/MXTmpFiles/rtos_default_thread.tmp_save
2024-04-25 15:42:53,905 [INFO] CodeEngine:279 - Generated code: /users/tenzthup91/STM32CubeIDE/TP_noyau/Tp_FREERTOS/MXTmpFiles/rtos_default_thread.tmp
2024-04-25 15:42:53,907 [INFO] CodeEngine:255 - oldGeneratedFile, /users/tenzthup91/STM32CubeIDE/TP_noyau/Tp_FREERTOS/MXTmpFiles/rtos_threads.tmp_save
2024-04-25 15:42:53,991 [INFO] CodeEngine:279 - Generated code: /users/tenzthup91/STM32CubeIDE/TP_noyau/Tp_FREERTOS/MXTmpFiles/rtos_threads.tmp
2024-04-25 15:42:53,993 [INFO] CodeEngine:255 - oldGeneratedFile, /users/tenzthup91/STM32CubeIDE/TP_noyau/Tp_FREERTOS/Core/Inc/FreeRTOSConfig.h_save
2024-04-25 15:42:54,107 [INFO] CodeEngine:279 - Generated code: /users/tenzthup91/STM32CubeIDE/TP_noyau/Tp_FREERTOS/Core/Inc/FreeRTOSConfig.h
2024-04-25 15:42:54,110 [INFO] CodeEngine:255 - oldGeneratedFile, /users/tenzthup91/STM32CubeIDE/TP_noyau/Tp_FREERTOS/Core/Src/freertos.c_save
2024-04-25 15:42:54,211 [INFO] CodeEngine:279 - Generated code: /users/tenzthup91/STM32CubeIDE/TP_noyau/Tp_FREERTOS/Core/Src/freertos.c
2024-04-25 15:42:54,215 [INFO] CodeEngine:255 - oldGeneratedFile, /users/tenzthup91/STM32CubeIDE/TP_noyau/Tp_FREERTOS/MXTmpFiles/cortex.tmp_save
2024-04-25 15:42:54,313 [INFO] CodeEngine:279 - Generated code: /users/tenzthup91/STM32CubeIDE/TP_noyau/Tp_FREERTOS/MXTmpFiles/cortex.tmp
2024-04-25 15:42:54,319 [INFO] CodeEngine:255 - oldGeneratedFile, /users/tenzthup91/STM32CubeIDE/TP_noyau/Tp_FREERTOS/Core/Src/spi.c_save
2024-04-25 15:42:54,484 [INFO] CodeEngine:279 - Generated code: /users/tenzthup91/STM32CubeIDE/TP_noyau/Tp_FREERTOS/Core/Src/spi.c
2024-04-25 15:42:54,486 [INFO] CodeEngine:255 - oldGeneratedFile, /users/tenzthup91/STM32CubeIDE/TP_noyau/Tp_FREERTOS/Core/Inc/spi.h_save
2024-04-25 15:42:54,579 [INFO] CodeEngine:279 - Generated code: /users/tenzthup91/STM32CubeIDE/TP_noyau/Tp_FREERTOS/Core/Inc/spi.h
2024-04-25 15:42:54,584 [INFO] CodeEngine:255 - oldGeneratedFile, /users/tenzthup91/STM32CubeIDE/TP_noyau/Tp_FREERTOS/Core/Src/tim.c_save
2024-04-25 15:42:54,714 [INFO] CodeEngine:279 - Generated code: /users/tenzthup91/STM32CubeIDE/TP_noyau/Tp_FREERTOS/Core/Src/tim.c
2024-04-25 15:42:54,716 [INFO] CodeEngine:255 - oldGeneratedFile, /users/tenzthup91/STM32CubeIDE/TP_noyau/Tp_FREERTOS/Core/Inc/tim.h_save
2024-04-25 15:42:54,799 [INFO] CodeEngine:279 - Generated code: /users/tenzthup91/STM32CubeIDE/TP_noyau/Tp_FREERTOS/Core/Inc/tim.h
2024-04-25 15:42:54,804 [INFO] CodeEngine:255 - oldGeneratedFile, /users/tenzthup91/STM32CubeIDE/TP_noyau/Tp_FREERTOS/Core/Src/usart.c_save
2024-04-25 15:42:54,931 [INFO] CodeEngine:279 - Generated code: /users/tenzthup91/STM32CubeIDE/TP_noyau/Tp_FREERTOS/Core/Src/usart.c
2024-04-25 15:42:54,933 [INFO] CodeEngine:255 - oldGeneratedFile, /users/tenzthup91/STM32CubeIDE/TP_noyau/Tp_FREERTOS/Core/Inc/usart.h_save
2024-04-25 15:42:55,018 [INFO] CodeEngine:279 - Generated code: /users/tenzthup91/STM32CubeIDE/TP_noyau/Tp_FREERTOS/Core/Inc/usart.h
2024-04-25 15:42:55,029 [INFO] CodeEngine:255 - oldGeneratedFile, /users/tenzthup91/STM32CubeIDE/TP_noyau/Tp_FREERTOS/Core/Src/stm32f7xx_it.c_save
2024-04-25 15:42:55,153 [INFO] CodeEngine:279 - Generated code: /users/tenzthup91/STM32CubeIDE/TP_noyau/Tp_FREERTOS/Core/Src/stm32f7xx_it.c
2024-04-25 15:42:55,155 [INFO] CodeEngine:255 - oldGeneratedFile, /users/tenzthup91/STM32CubeIDE/TP_noyau/Tp_FREERTOS/Core/Inc/stm32f7xx_it.h_save
2024-04-25 15:42:55,244 [INFO] CodeEngine:279 - Generated code: /users/tenzthup91/STM32CubeIDE/TP_noyau/Tp_FREERTOS/Core/Inc/stm32f7xx_it.h
2024-04-25 15:42:55,251 [INFO] CodeEngine:255 - oldGeneratedFile, /users/tenzthup91/STM32CubeIDE/TP_noyau/Tp_FREERTOS/Core/Src/stm32f7xx_hal_msp.c_save
2024-04-25 15:42:55,378 [INFO] CodeEngine:279 - Generated code: /users/tenzthup91/STM32CubeIDE/TP_noyau/Tp_FREERTOS/Core/Src/stm32f7xx_hal_msp.c
2024-04-25 15:42:55,379 [INFO] CodeEngine:255 - oldGeneratedFile, /users/tenzthup91/STM32CubeIDE/TP_noyau/Tp_FREERTOS/MXTmpFiles/system.tmp_save
2024-04-25 15:42:55,464 [INFO] CodeEngine:279 - Generated code: /users/tenzthup91/STM32CubeIDE/TP_noyau/Tp_FREERTOS/MXTmpFiles/system.tmp
2024-04-25 15:42:55,467 [INFO] CodeEngine:255 - oldGeneratedFile, /users/tenzthup91/STM32CubeIDE/TP_noyau/Tp_FREERTOS/Core/Src/stm32f7xx_hal_timebase_tim.c_save
2024-04-25 15:42:55,572 [INFO] CodeEngine:279 - Generated code: /users/tenzthup91/STM32CubeIDE/TP_noyau/Tp_FREERTOS/Core/Src/stm32f7xx_hal_timebase_tim.c
2024-04-25 15:42:55,577 [INFO] CodeEngine:311 - oldGeneratedFile, /users/tenzthup91/STM32CubeIDE/TP_noyau/Tp_FREERTOS/Core/Inc/stm32f7xx_hal_conf.h_save
2024-04-25 15:42:55,679 [INFO] CodeEngine:335 - Generated code: /users/tenzthup91/STM32CubeIDE/TP_noyau/Tp_FREERTOS/Core/Inc/stm32f7xx_hal_conf.h
2024-04-25 15:42:55,730 [INFO] CodeEngine:255 - oldGeneratedFile, /users/tenzthup91/STM32CubeIDE/TP_noyau/Tp_FREERTOS/Core/Inc/main.h_save
2024-04-25 15:42:55,854 [INFO] CodeEngine:279 - Generated code: /users/tenzthup91/STM32CubeIDE/TP_noyau/Tp_FREERTOS/Core/Inc/main.h
2024-04-25 15:42:55,857 [INFO] CodeEngine:255 - oldGeneratedFile, /users/tenzthup91/STM32CubeIDE/TP_noyau/Tp_FREERTOS/Core/Src/main.c_save
2024-04-25 15:42:56,051 [INFO] CodeEngine:279 - Generated code: /users/tenzthup91/STM32CubeIDE/TP_noyau/Tp_FREERTOS/Core/Src/main.c
2024-04-25 15:42:56,646 [INFO] ProjectBuilder:3076 - Time for Copy HAL[1] : 98mS.
2024-04-25 15:42:56,654 [INFO] ProjectBuilder:4485 - Project Generator version: 4.2.0-B44
2024-04-25 15:42:56,932 [INFO] ConfigFileManager:1495 - The Die is : DIE449
2024-04-25 15:42:56,938 [INFO] ApiDbMcu:508 - Load IP Config File for FATFS
2024-04-25 15:42:56,940 [INFO] ApiDbMcu:508 - Load IP Config File for LIBJPEG
2024-04-25 15:42:56,949 [INFO] ApiDbMcu:508 - Load IP Config File for LWIP
2024-04-25 15:42:56,957 [INFO] ApiDbMcu:508 - Load IP Config File for MBEDTLS
2024-04-25 15:42:56,968 [INFO] ApiDbMcu:508 - Load IP Config File for USB_DEVICE
2024-04-25 15:42:56,973 [INFO] ApiDbMcu:508 - Load IP Config File for USB_HOST
2024-04-25 15:42:57,947 [INFO] LogOutputStream:77 - [STDOUT_REDIRECT] 
2024-04-25 15:42:58,686 [INFO] ProjectBuilder:4747 - Time for Generating toolchain IDE Files: 2033mS.
2024-04-25 15:42:58,687 [INFO] ProjectBuilder:2947 - Time for Copy CMSIS : 1mS.
2024-04-25 15:42:58,689 [INFO] ProjectBuilder:2947 - Time for Copy CMSIS : 0mS.
2024-04-25 17:27:42,636 [ERROR] LogOutputStream:75 - [STDERR_REDIRECT] 
